


ARM Macro Assembler    Page 1 


    1 00000000                 GLOBAL           Reset_Handler
    2 00000000         
    3 00000000 E002C000 
                       PINSEL0 EQU              0xE002C000  ;pin select for por
                                                            t 0
    4 00000000 E0028000 
                       IO0PIN  EQU              0xE0028000  ;pin 8 from port 0
    5 00000000 E0028008 
                       IO0DIR  EQU              0xE0028008  ;set signal directi
                                                            ons for pins
    6 00000000 FFFF0000 
                       MASK1   EQU              0xFFFF0000  ;mask for pin selec
                                                            t, for input/output
                                                             (dir)
    7 00000000 0000FFFF 
                       MASK2   EQU              0x0000FFFF  ;mask for pin selec
                                                            t, for input/output
                                                             (dir)
    8 00000000         
    9 00000000 00000000 
                       TASK1   EQU              0x00000000  ;all on (needs AND)
                                                            
   10 00000000 0000FF00 
                       TASK2   EQU              0x0000FF00  ;all off (needs OR)
                                                            
   11 00000000 0000AA00 
                       TASK3   EQU              0X0000AA00  ;alternating (OR)
   12 00000000         
   13 00000000                 AREA             mycode,CODE,READONLY
   14 00000000         
   15 00000000         Reset_Handler
   16 00000000         
   17 00000000         ;set pin to GPIO 
   18 00000000 E59F0038        LDR              r0, =MASK1  ; this is our mask 
                                                            for ANDing( 1 ->0)
   19 00000004 E59F1038        LDR              r1, =PINSEL0 ; PINSELO0 is a co
                                                            ntrol register
   20 00000008 E5912000        LDR              r2, [r1]
   21 0000000C E0002002        AND              r2, r0, r2  ; 
   22 00000010 E5812000        STR              r2, [r1]    ; bit 8 to 15 are s
                                                            et to GPIO
   23 00000014         
   24 00000014         ;assign direction of port pin  
   25 00000014 E59F002C        LDR              r0, =MASK2  ; this is our mask 
                                                            for ANDing( 0 -> 1)
                                                            
   26 00000018 E59F302C        LDR              r3, =IO0DIR ;will mask with R0 
                                                            which is already lo
                                                            aded
   27 0000001C E5934000        LDR              r4, [r3]
   28 00000020 E1804004        ORR              r4, r0, r4
   29 00000024 E5834000        STR              r4, [r3]    ;bits 8 to 15 are s
                                                            et output
   30 00000028         
   31 00000028         ;Do tasks
   32 00000028 E3A00CAA        LDR              r0, =TASK3  ;so task based on v
                                                            alue needed
   33 0000002C E59F601C        LDR              r6, =IO0PIN ;
   34 00000030 E5965000        LDR              r5, [r6]



ARM Macro Assembler    Page 2 


   35 00000034 E1805005        ORR              r5, r0, r5  ;change b/w AND OR 
                                                            based on task
   36 00000038 E5865000        STR              r5, [r6]
   37 0000003C         
   38 0000003C EAFFFFFE 
                       stop    B                stop
   39 00000040                 END
              FFFF0000 
              E002C000 
              0000FFFF 
              E0028008 
              E0028000 
Command Line: --debug --xref --diag_suppress=9931 --apcs=interwork --depend=.\o
bjects\lab4.d -o.\objects\lab4.o -IC:\Keil_v5\ARM\RV31\INC -IC:\Keil_v5\ARM\CMS
IS\Include -IC:\Keil_v5\ARM\INC\Philips --predefine="__EVAL SETA 1" --predefine
="__UVISION_VERSION SETA 524" --list=.\listings\lab4.lst ..\..\lab4.s



ARM Macro Assembler    Page 1 Alphabetic symbol ordering
Relocatable symbols

Reset_Handler 00000000

Symbol: Reset_Handler
   Definitions
      At line 15 in file ..\..\lab4.s
   Uses
      At line 1 in file ..\..\lab4.s
Comment: Reset_Handler used once
mycode 00000000

Symbol: mycode
   Definitions
      At line 13 in file ..\..\lab4.s
   Uses
      None
Comment: mycode unused
stop 0000003C

Symbol: stop
   Definitions
      At line 38 in file ..\..\lab4.s
   Uses
      At line 38 in file ..\..\lab4.s
Comment: stop used once
3 symbols



ARM Macro Assembler    Page 1 Alphabetic symbol ordering
Absolute symbols

IO0DIR E0028008

Symbol: IO0DIR
   Definitions
      At line 5 in file ..\..\lab4.s
   Uses
      At line 26 in file ..\..\lab4.s
Comment: IO0DIR used once
IO0PIN E0028000

Symbol: IO0PIN
   Definitions
      At line 4 in file ..\..\lab4.s
   Uses
      At line 33 in file ..\..\lab4.s
Comment: IO0PIN used once
MASK1 FFFF0000

Symbol: MASK1
   Definitions
      At line 6 in file ..\..\lab4.s
   Uses
      At line 18 in file ..\..\lab4.s
Comment: MASK1 used once
MASK2 0000FFFF

Symbol: MASK2
   Definitions
      At line 7 in file ..\..\lab4.s
   Uses
      At line 25 in file ..\..\lab4.s
Comment: MASK2 used once
PINSEL0 E002C000

Symbol: PINSEL0
   Definitions
      At line 3 in file ..\..\lab4.s
   Uses
      At line 19 in file ..\..\lab4.s
Comment: PINSEL0 used once
TASK1 00000000

Symbol: TASK1
   Definitions
      At line 9 in file ..\..\lab4.s
   Uses
      None
Comment: TASK1 unused
TASK2 0000FF00

Symbol: TASK2
   Definitions
      At line 10 in file ..\..\lab4.s
   Uses
      None
Comment: TASK2 unused
TASK3 0000AA00

Symbol: TASK3



ARM Macro Assembler    Page 2 Alphabetic symbol ordering
Absolute symbols

   Definitions
      At line 11 in file ..\..\lab4.s
   Uses
      At line 32 in file ..\..\lab4.s
Comment: TASK3 used once
8 symbols
345 symbols in table
