


ARM Macro Assembler    Page 1 


    1 00000000         ;-------------------------------------------------------
                       ---
    2 00000000 00000000 
                       IO0PIN  EQU              0           ;value register
    3 00000000 00000008 
                       IO0DIR  EQU              0x8         ;pin direction regi
                                                            ster
    4 00000000 00000004 
                       IO0SET  EQU              0x4         ;set pins
    5 00000000 0000000C 
                       IO0CLR  EQU              0xC         ;clear pins
    6 00000000         ;-------------------------------------------------------
                       ---
    7 00000000         
    8 00000000 E0028000 
                       IO0_BASE
                               EQU              0xE0028000  ;base register addr
                                                            ess 
    9 00000000 002DC6C0 
                       DELAYVAL
                               EQU              3000000     ;delay value (4 clk
                                                             cyc / 12e6 Hz)
   10 00000000         ;3000000 in hex
   11 00000000 FFFF0000 
                       MASK1   EQU              0xFFFF0000  ;mask for pin selec
                                                            t, for input/output
                                                             (dir)
   12 00000000 0000FFFF 
                       MASK2   EQU              0x0000FFFF  ;mask for pin selec
                                                            t, for input/output
                                                             (dir)
   13 00000000 0000FF00 
                       TASK    EQU              0xFF00
   14 00000000         
   15 00000000                 GLOBAL           LAB
   16 00000000                 AREA             mycode,CODE,READONLY
   17 00000000         
   18 00000000         
   19 00000000         LAB
   20 00000000         ;set pin to GPIO 
   21 00000000 E59F0048        LDR              r0, =MASK1  ;load mask for dese
                                                            lect
   22 00000004 E59F1048        LDR              r1, =IO0_BASE ;base register
   23 00000008 E5810000        STR              r0, [r1, #IO0PIN] 
                                                            ;offset to I00PIN 
   24 0000000C         
   25 0000000C         ;set signal direction for pins  
   26 0000000C E59F0044        LDR              r0, =MASK2  ;load mask for sele
                                                            ct
   27 00000010 E59F303C        LDR              r3, =IO0_BASE
   28 00000014 E5830008        STR              r0, [r3, #IO0DIR] 
                                                            ;offset to IO0DIR
   29 00000018         
   30 00000018         ;set on
   31 00000018         LEDon                                ;Turn on LEDs
   32 00000018 E3A05CFF        LDR              r5, =TASK
   33 0000001C E59F6030        LDR              r6, =IO0_BASE
   34 00000020 E5865004        STR              r5, [r6,#IO0SET]
   35 00000024 EB000004        BL               wait        ;wait 3 seconds



ARM Macro Assembler    Page 2 


   36 00000028         
   37 00000028         ;set off
   38 00000028         LEDoff                               ;Turn off LEDs 
   39 00000028 E3A05CFF        LDR              r5, =TASK
   40 0000002C E59F6020        LDR              r6, =IO0_BASE
   41 00000030 E586500C        STR              r5, [r6, #IO0CLR]
   42 00000034 EB000000        BL               wait        ;wait 3 seconds
   43 00000038 EAFFFFF6        B                LEDon       ;Star over
   44 0000003C         
   45 0000003C         ;delay
   46 0000003C         wait                                 ;Wait for 3 seconds
                                                            
   47 0000003C         
   48 0000003C E59F9018        LDR              r9, =DELAYVAL ;set counter
   49 00000040         
   50 00000040         COUNTER
   51 00000040 E2599001        SUBS             r9, r9, #1
   52 00000044         ;BX LR ;Go back to original location
   53 00000044 1AFFFFFD        BNE              COUNTER
   54 00000048 E12FFF1E        BX               LR
   55 0000004C         
   56 0000004C EAFFFFFE 
                       stop    B                stop
   57 00000050                 END
              FFFF0000 
              E0028000 
              0000FFFF 
              002DC6C0 
Command Line: --debug --xref --diag_suppress=9931 --apcs=interwork --depend=.\o
bjects\lab5.d -o.\objects\lab5.o -IC:\Keil_v5\ARM\RV31\INC -IC:\Keil_v5\ARM\CMS
IS\Include -IC:\Keil_v5\ARM\INC\Philips --predefine="__EVAL SETA 1" --predefine
="__UVISION_VERSION SETA 525" --list=.\listings\lab5.lst lab5.s



ARM Macro Assembler    Page 1 Alphabetic symbol ordering
Relocatable symbols

COUNTER 00000040

Symbol: COUNTER
   Definitions
      At line 50 in file lab5.s
   Uses
      At line 53 in file lab5.s
Comment: COUNTER used once
LAB 00000000

Symbol: LAB
   Definitions
      At line 19 in file lab5.s
   Uses
      At line 15 in file lab5.s
Comment: LAB used once
LEDoff 00000028

Symbol: LEDoff
   Definitions
      At line 38 in file lab5.s
   Uses
      None
Comment: LEDoff unused
LEDon 00000018

Symbol: LEDon
   Definitions
      At line 31 in file lab5.s
   Uses
      At line 43 in file lab5.s
Comment: LEDon used once
mycode 00000000

Symbol: mycode
   Definitions
      At line 16 in file lab5.s
   Uses
      None
Comment: mycode unused
stop 0000004C

Symbol: stop
   Definitions
      At line 56 in file lab5.s
   Uses
      At line 56 in file lab5.s
Comment: stop used once
wait 0000003C

Symbol: wait
   Definitions
      At line 46 in file lab5.s
   Uses
      At line 35 in file lab5.s
      At line 42 in file lab5.s

7 symbols



ARM Macro Assembler    Page 1 Alphabetic symbol ordering
Absolute symbols

DELAYVAL 002DC6C0

Symbol: DELAYVAL
   Definitions
      At line 9 in file lab5.s
   Uses
      At line 48 in file lab5.s
Comment: DELAYVAL used once
IO0CLR 0000000C

Symbol: IO0CLR
   Definitions
      At line 5 in file lab5.s
   Uses
      At line 41 in file lab5.s
Comment: IO0CLR used once
IO0DIR 00000008

Symbol: IO0DIR
   Definitions
      At line 3 in file lab5.s
   Uses
      At line 28 in file lab5.s
Comment: IO0DIR used once
IO0PIN 00000000

Symbol: IO0PIN
   Definitions
      At line 2 in file lab5.s
   Uses
      At line 23 in file lab5.s
Comment: IO0PIN used once
IO0SET 00000004

Symbol: IO0SET
   Definitions
      At line 4 in file lab5.s
   Uses
      At line 34 in file lab5.s
Comment: IO0SET used once
IO0_BASE E0028000

Symbol: IO0_BASE
   Definitions
      At line 8 in file lab5.s
   Uses
      At line 22 in file lab5.s
      At line 27 in file lab5.s
      At line 33 in file lab5.s
      At line 40 in file lab5.s

MASK1 FFFF0000

Symbol: MASK1
   Definitions
      At line 11 in file lab5.s
   Uses
      At line 21 in file lab5.s
Comment: MASK1 used once



ARM Macro Assembler    Page 2 Alphabetic symbol ordering
Absolute symbols

MASK2 0000FFFF

Symbol: MASK2
   Definitions
      At line 12 in file lab5.s
   Uses
      At line 26 in file lab5.s
Comment: MASK2 used once
TASK 0000FF00

Symbol: TASK
   Definitions
      At line 13 in file lab5.s
   Uses
      At line 32 in file lab5.s
      At line 39 in file lab5.s

9 symbols
350 symbols in table
