


ARM Macro Assembler    Page 1 


    1 00000000         ;-------------------------------------------------------
                       ---------
    2 00000000         ;GPIO address and masks for Port0
    3 00000000 E002C000 
                       PINSEL0 EQU              0xE002C000
    4 00000000 FFFF0000 
                       PINSEL0GPIO1
                               EQU              0xFFFF0000  ;pin configuration 
                                                            for Task1 
    5 00000000 00FF0000 
                       PINSEL0GPIO2
                               EQU              0x00FF0000  ;pin configuration 
                                                            for Task3
    6 00000000         
    7 00000000         ;Pin direction address and masks for Port0
    8 00000000 E0028008 
                       IO0DIR  EQU              0xE0028008
    9 00000000 0000FF00 
                       IO0DIROUT1
                               EQU              0x0000FF00  ;pin direction for 
                                                            Task1 
   10 00000000 00000F00 
                       IO0DIROUT2
                               EQU              0x00000F00  ;pin direction for 
                                                            Task3 
   11 00000000 FFFF00FF 
                       IO0DIROUT3
                               EQU              0xFFFF00FF
   12 00000000         
   13 00000000         ;Set / clear pins for each task
   14 00000000 E0028004 
                       IO0SET  EQU              0xE0028004
   15 00000000 E002800C 
                       IO0CLR  EQU              0xE002800C
   16 00000000 E0028000 
                       IO0PIN  EQU              0xE0028000  ;Check pin data for
                                                             Task 3
   17 00000000         
   18 00000000         ;Bit value for checking for button presses
   19 00000000 00004000 
                       LED14_ON
                               EQU              0x00004000
   20 00000000 FFFFBFFF 
                       LED14_OFF
                               EQU              0xFFFFBFFF
   21 00000000         
   22 00000000         ;not used
   23 00000000 00000100 
                       LED_ON1 EQU              0x00000100  ;data pins for Task
                                                            1
   24 00000000 FFFFFEFF 
                       LED_OFF1
                               EQU              0xFFFFFEFF
   25 00000000 FFFFBFFF 
                       LED_OFF2
                               EQU              0xFFFFBFFF
   26 00000000         
   27 00000000         
   28 00000000         ;-------------------------------------------------------



ARM Macro Assembler    Page 2 


                       --------
   29 00000000         
   30 00000000                 IMPORT           delay
   31 00000000                 GLOBAL           user_code
   32 00000000                 AREA             mycode,CODE,READONLY
   33 00000000         
   34 00000000         user_code
   35 00000000         
   36 00000000         ;This task will produce a running LEDs using P0.08 - P0.
                       15
   37 00000000         TASK1
   38 00000000         ;LDR r2, =PINSEL0GPIO1 ;set P0.08 - P0.15 to GPIO 
   39 00000000         ;LDR r3, =IO0DIROUT1  ;set P0.08 - P0.15 to output
   40 00000000         ;BL LED_pins    ;Pass GPIO and pin direction masks to su
                       broutine
   41 00000000         
   42 00000000         ;B LED_running   ;Complete Task 1
   43 00000000         
   44 00000000         ;This task will use a switch toggle to light up pins P0.
                       08 - P.11
   45 00000000         TASK3
   46 00000000         
   47 00000000         ;LDR r2, =PINSEL0GPIO2 ;set P0.08 - P0.11 and P0.14 to G
                       PIO 
   48 00000000         ;LDR r3, =IO0DIROUT2  ;set P0.08 - P0.11 to output and P
                       0.14 to input
   49 00000000         ;BL LED_pins    ;Pass GPIO and pin direction masks to su
                       broutine
   50 00000000         ;B LED_button1    ;Complete Task 3
   51 00000000         
   52 00000000         TASK4
   53 00000000 E59F2194        LDR              r2, =PINSEL0GPIO1
   54 00000004 E3A03CBF        LDR              r3, =0xBF00 ;set P0.08 - P0.15 
                                                            to output and P0.14
                                                             to input
   55 00000008 EB00003E        BL               LED_pins    ;Pass GPIO and pin 
                                                            direction masks to 
                                                            subroutine
   56 0000000C EA00001D        B                LED_button2
   57 00000010         
   58 00000010 EA000060        B                DONE
   59 00000014         
   60 00000014         ;-------------------------------------------------------
                       --------------;
   61 00000014         ;Task 1                  ;
   62 00000014         ;-------------------------------------------------------
                       --------------;
   63 00000014         
   64 00000014         LED_running
   65 00000014         
   66 00000014         ;initiialize pins
   67 00000014 E3E00C01        LDR              r0, =LED_OFF1 
                                                            ;masks for LED pins
                                                            
   68 00000018 E3A01C01        LDR              r1, =LED_ON1
   69 0000001C E59F217C        LDR              r2, =IO0CLR ;addresses for LED 
                                                            pins  
   70 00000020 E59F317C        LDR              r3, =IO0SET
   71 00000024         



ARM Macro Assembler    Page 3 


   72 00000024         ;Initialize counters for running LED
   73 00000024 E3A04008        LDR              r4, =0x8    ;loop for mask posi
                                                            tion
   74 00000028 E3A05000        LDR              r5, =0x0    ;execute task 1 thr
                                                            ee times
   75 0000002C         
   76 0000002C         LED_START
   77 0000002C         
   78 0000002C         ;Turn off LEDs based on mask
   79 0000002C E5830000        STR              r0, [r3]
   80 00000030         
   81 00000030         ;Turn on LEDs based on mask
   82 00000030 E5821000        STR              r1, [r2]
   83 00000034         
   84 00000034         ;Apply 1 sec delay 
   85 00000034 EBFFFFFE        BL               delay
   86 00000038         
   87 00000038         LED_NEXT
   88 00000038         
   89 00000038         ;Check if P0.15 is reached
   90 00000038 E2544001        SUBS             r4, r4, #1
   91 0000003C E3540000        CMP              r4, #0
   92 00000040         
   93 00000040         ;If true, update masks to use P0.08
   94 00000040 01A003E0        ROREQ            r0, r0, #7  ;clear mask 
   95 00000044 01A013E1        ROREQ            r1, r1, #7  ;set mask
   96 00000048 0A000002        BEQ              LED_CHECK   ;check # of executi
                                                            ons
   97 0000004C         
   98 0000004C         ;If false, update masks to use next pin 
   99 0000004C E1A00080        LSL              r0, r0, #1  ;clear mask  
  100 00000050 E1A01081        LSL              r1, r1, #1  ;set mask
  101 00000054 EAFFFFF4        B                LED_START   ;repeat process unt
                                                            il execution comple
                                                            te
  102 00000058         
  103 00000058         LED_CHECK
  104 00000058         ;check # of executions
  105 00000058 E3550000        CMP              r5, #0      ;check if 3 executi
                                                            ons have occured
  106 0000005C 0AFFFFE7        BEQ              TASK3       ;Exit Task 1 if tru
                                                            e
  107 00000060 12455001        SUBNE            r5, r5, #1  ;update # of execut
                                                            ions 
  108 00000064 E3A04008        LDR              r4, =0x8    ;reinitialize mask 
                                                            position
  109 00000068 EAFFFFEF        B                LED_START   ;one execution comp
                                                            leted
  110 0000006C         
  111 0000006C         ;-------------------------------------------------------
                       --------------;
  112 0000006C         ;Task 3                  ;
  113 0000006C         ;-------------------------------------------------------
                       --------------;
  114 0000006C         
  115 0000006C         LED_button1
  116 0000006C         
  117 0000006C         ;initialize pins (set masks)
  118 0000006C E3A00C0F        LDR              r0, =0xF00



ARM Macro Assembler    Page 4 


  119 00000070         
  120 00000070         ;set up clearing / setting
  121 00000070 E59F2128        LDR              r2, =IO0CLR ;clearing pins 
  122 00000074 E59F3128        LDR              r3, =IO0SET ;setting pins
  123 00000078         
  124 00000078         ;Initial state, LEDs are off
  125 00000078         LEDS_OFF
  126 00000078 E5830000        STR              r0, [r3]
  127 0000007C EB000030        BL               IS_PRESSED
  128 00000080         
  129 00000080         ;Button has been pressed, light up LED
  130 00000080         LEDS_ON
  131 00000080         
  132 00000080         ;Button press confirmed, turn ON
  133 00000080 E5820000        STR              r0, [r2]    ;turn LEDs on
  134 00000084         
  135 00000084         ;Check for button press
  136 00000084 EB00002E        BL               IS_PRESSED  ;check button press
                                                            
  137 00000088         
  138 00000088         
  139 00000088         ;-------------------------------------------------------
                       --------------;
  140 00000088         ;Task 4                  ;
  141 00000088         ;-------------------------------------------------------
                       --------------;
  142 00000088         
  143 00000088         
  144 00000088         LED_button2
  145 00000088         
  146 00000088         ;initialize pins (set masks)
  147 00000088 E3A00CBF        LDR              r0, =0xBF00
  148 0000008C         ;set up clearing / setting
  149 0000008C E59F210C        LDR              r2, =IO0CLR ;clearing pins 
  150 00000090 E59F310C        LDR              r3, =IO0SET ;setting pins
  151 00000094         
  152 00000094         ;Initial state, LEDs are off
  153 00000094         LEDS_OFF2
  154 00000094 E3A02000        LDR              r2, =0x0
  155 00000098 E3A03CFF        LDR              r3, =0xFF00 ;set P0.08 - P0.15 
                                                            to output and P0.14
                                                             to input
  156 0000009C EB000019        BL               LED_pins
  157 000000A0         
  158 000000A0 E3A00CFF        LDR              r0, =0xFF00
  159 000000A4         
  160 000000A4         ;set up clearing / setting
  161 000000A4 E59F20F4        LDR              r2, =IO0CLR ;clearing pins 
  162 000000A8 E59F30F4        LDR              r3, =IO0SET ;setting pins
  163 000000AC         
  164 000000AC         ;Turn off all LEDs
  165 000000AC E5830000        STR              r0, [r3]
  166 000000B0         
  167 000000B0         ;Set P0.14 to input
  168 000000B0 E3A02000        LDR              r2, =0x0
  169 000000B4 E3E03901        LDR              r3, =0xFFFFBFFF ;set P0.08 - P0
                                                            .15 to output and P
                                                            0.14 to input
  170 000000B8 EB000012        BL               LED_pins



ARM Macro Assembler    Page 5 


  171 000000BC         
  172 000000BC         ;Check P0.14 is pressed
  173 000000BC EB000020        BL               IS_PRESSED
  174 000000C0         
  175 000000C0         ;Button has been pressed, light up LED
  176 000000C0         LEDS_ON2
  177 000000C0 E3A02000        LDR              r2, =0x0
  178 000000C4 E3A03CFF        LDR              r3, =0xFF00 ;set P0.08 - P0.15 
                                                            to output and P0.14
                                                             to Output
  179 000000C8 EB00000E        BL               LED_pins
  180 000000CC         
  181 000000CC E3A00CFF        LDR              r0, =0xFF00
  182 000000D0         ;set up clearing / setting
  183 000000D0 E59F20C8        LDR              r2, =IO0CLR ;clearing pins 
  184 000000D4 E59F30C8        LDR              r3, =IO0SET ;setting pins
  185 000000D8         
  186 000000D8 E5820000        STR              r0, [r2]    ;turn LEDs on
  187 000000DC         
  188 000000DC EBFFFFFE        BL               delay
  189 000000E0         
  190 000000E0         checkon
  191 000000E0         
  192 000000E0         ;Button press confirmed, turn ON
  193 000000E0         
  194 000000E0 E3A02000        LDR              r2, =0x0
  195 000000E4 E3E03901        LDR              r3, =0xFFFFBFFF ;P0.14 to input
                                                            
  196 000000E8 EB000006        BL               LED_pins
  197 000000EC         
  198 000000EC E59F40B4        LDR              r4, =IO0PIN ;Read P0.14
  199 000000F0 E5945000        LDR              r5, [r4]
  200 000000F4         
  201 000000F4 E3A04901        LDR              r4, =0x4000 ;check if P0.14 is 
                                                            pressed
  202 000000F8 E0056004        AND              r6, r5, r4  ;compare previous p
                                                            in data with curren
                                                            t data
  203 000000FC E1540006        CMP              r4, r6
  204 00000100 0AFFFFEE        BEQ              LEDS_ON2
  205 00000104         ;Check for button press
  206 00000104 EB00000E        BL               IS_PRESSED  ;check button press
                                                            
  207 00000108         
  208 00000108         
  209 00000108         
  210 00000108         
  211 00000108         ;-------------------------------------------------------
                       --------------;
  212 00000108         ;Task 4  - not working                ;
  213 00000108         ;-------------------------------------------------------
                       --------------;
  214 00000108         
  215 00000108         ;LED_button2
  216 00000108         
  217 00000108         ;LDR r0, =0xFF00
  218 00000108         ;;set up clearing / setting
  219 00000108         
  220 00000108         ;LDR r5, =IO0CLR  ;clearing pins 



ARM Macro Assembler    Page 6 


  221 00000108         ;LDR r6, =IO0SET  ;setting pins
  222 00000108         
  223 00000108         ;;Initial state, LEDs are off
  224 00000108         ;LEDS_INIT 
  225 00000108         
  226 00000108         ;STR r0, [r6]  
  227 00000108         ;BL IS_PRESSED
  228 00000108         
  229 00000108         ;;Button has been pressed, light up LED
  230 00000108         ;LEDS_ON2 
  231 00000108         
  232 00000108         ;;Change P0.14 to output
  233 00000108         ;LDR r3, =0xFF00    ;set P0.08 - P0.15 to output
  234 00000108         ;BL LED_pins
  235 00000108         
  236 00000108         ;;Turn on all LEDs
  237 00000108         ;STR r0, [r5]
  238 00000108         
  239 00000108         ;;BL delay    
  240 00000108         
  241 00000108         ;;Change P0.14 to input
  242 00000108         ;LDR r3, =0xBF00 
  243 00000108         ;BL LED_pins
  244 00000108         
  245 00000108         ;BL delay
  246 00000108         
  247 00000108         ;BL IS_PRESSED
  248 00000108         
  249 00000108         ;LEDS_OFF2
  250 00000108         
  251 00000108         ;;Change P0.14 to output
  252 00000108         ;LDR r3, =0xFF00    ;set P0.08 - P0.15 to output
  253 00000108         ;BL LED_pins
  254 00000108         
  255 00000108         ;;Turn on off LEDs
  256 00000108         ;STR r0, [r6]
  257 00000108         
  258 00000108         ;;Change P0.14 to input
  259 00000108         ;LDR r3, =0xBF00 
  260 00000108         ;BL LED_pins
  261 00000108         
  262 00000108         ;BL delay
  263 00000108         
  264 00000108         ;BL IS_PRESSED
  265 00000108         
  266 00000108         ;-------------------------------------------------------
                       -----;
  267 00000108         ;This subroutine will initialize pins based on masks pro
                       vided;
  268 00000108         ;-------------------------------------------------------
                       -----;
  269 00000108         
  270 00000108         ;r2 (GPIO) and r3 (IO0DIR) are values passed to this sub
                       routine
  271 00000108         ;before it is called  
  272 00000108         
  273 00000108         LED_pins
  274 00000108         
  275 00000108         ;**Stack stuff



ARM Macro Assembler    Page 7 


  276 00000108 E92D5FFF        STMFD            SP!, {r0 - r12, LR} 
                                                            ;preserve registers
                                                            
  277 0000010C E10F1000        MRS              r1, CPSR    ;preserve status re
                                                            gister
  278 00000110 E92D0002        STMFD            SP!, {r1}
  279 00000114         
  280 00000114         ;Set GPIO for Port0
  281 00000114 E59F0090        LDR              r0, =PINSEL0 
                                                            ;read pins of Port0
                                                            
  282 00000118 E5901000        LDR              r1, [r0]
  283 0000011C E1C11002        BIC              r1, r1, r2
  284 00000120 E5801000        STR              r1, [r0]
  285 00000124         
  286 00000124         ;Set pin direction for pins
  287 00000124 E59F0084        LDR              r0, =IO0DIR
  288 00000128 E5901000        LDR              r1, [r0]
  289 0000012C E0011003        AND              r1, r1, r3  ;clear pins
  290 00000130 E1811003        ORR              r1, r1, r3  ;set pins
  291 00000134 E5801000        STR              r1, [r0]
  292 00000138         
  293 00000138         ;**Stack stuff
  294 00000138 E8BD0002        LDMFD            SP!, {r1}
  295 0000013C E128F001        MSR              CPSR_f, r1  ;restore status reg
                                                            ister flags
  296 00000140 E8BD9FFF        LDMFD            SP!, {r0 - r12, PC} 
                                                            ;restore registers
  297 00000144         
  298 00000144         ;TASK 3 subroutine
  299 00000144         ;-------------------------------------------------------
                       ------------;
  300 00000144         ;This subroutine will constantly check if the push butto
                       n is pressed;
  301 00000144         ;-------------------------------------------------------
                       ------------;
  302 00000144         
  303 00000144         IS_PRESSED
  304 00000144         
  305 00000144         CHECK
  306 00000144         ;update pin info
  307 00000144 E59F405C        LDR              r4, =IO0PIN
  308 00000148 E5945000        LDR              r5, [r4]
  309 0000014C         
  310 0000014C         ;shslfk
  311 0000014C         
  312 0000014C E3A04901        LDR              r4, =0x4000 ;check if P0.14 is 
                                                            pressed
  313 00000150 E0056004        AND              r6, r5, r4  ;compare previous p
                                                            in data with curren
                                                            t data
  314 00000154 E1540006        CMP              r4, r6
  315 00000158         
  316 00000158         ;sjklhlkfha
  317 00000158         
  318 00000158 0AFFFFF9        BEQ              CHECK       ;if true, no button
                                                             press was read
  319 0000015C EBFFFFFE        BL               delay       ;apply a delay to c
                                                            onfirm button press



ARM Macro Assembler    Page 8 


                                                            
  320 00000160         
  321 00000160         ;Confirm that button is still being pressed
  322 00000160         CONFIRM_PRESSED
  323 00000160         
  324 00000160         ;update pin info
  325 00000160 E59F4040        LDR              r4, =IO0PIN
  326 00000164 E5945000        LDR              r5, [r4]
  327 00000168         
  328 00000168 E3A04901        LDR              r4, =0x4000 ;check if P0.14 is 
                                                            pressed
  329 0000016C E0056004        AND              r6, r5, r4  ;compare previous p
                                                            in data with curren
                                                            t data
  330 00000170 E1540006        CMP              r4, r6
  331 00000174 0AFFFFF2        BEQ              CHECK       ;if true, no button
                                                             press was read
  332 00000178 EBFFFFFE        BL               delay       ;apply a delay to c
                                                            onfirm button press
                                                            
  333 0000017C         
  334 0000017C         
  335 0000017C         
  336 0000017C         STATE_CHECK
  337 0000017C         
  338 0000017C         ;grab current pin info
  339 0000017C E59F4024        LDR              r4, =IO0PIN
  340 00000180 E5945000        LDR              r5, [r4]
  341 00000184 E3A06CBF        LDR              r6, =0xBF00
  342 00000188         
  343 00000188 E0055006        AND              r5, r5, r6
  344 0000018C E1550006        CMP              r5, r6
  345 00000190 0AFFFFCA        BEQ              LEDS_ON2    ;if true, State 0 (
                                                            OFF -> ON) 
  346 00000194 EAFFFFBE        B                LEDS_OFF2   ;else, state 1  (ON
                                                             -> OFF)
  347 00000198         
  348 00000198         ;TASK4 subroutine
  349 00000198         ;-------------------------------------------------------
                       ------------;
  350 00000198         ;This subroutine will constantly check if the push butto
                       n is pressed;
  351 00000198         ;-------------------------------------------------------
                       ------------;
  352 00000198         
  353 00000198         ;IS_PRESSED 
  354 00000198         
  355 00000198         ;CHECK
  356 00000198         ;;update pin info
  357 00000198         ;LDR r4, =IO0PIN
  358 00000198         ;LDR r5, [r4]
  359 00000198         
  360 00000198         ;LDR  r4, =0x4000  ;check if P0.14 is pressed
  361 00000198         ;AND  r6, r5, r4   ;compare previous pin data with curre
                       nt data
  362 00000198         ;CMP  r4, r6   
  363 00000198         ;BEQ  CHECK    ;if true, no button press was read
  364 00000198         ;BL  delay    ;apply a delay to confirm button press
  365 00000198         



ARM Macro Assembler    Page 9 


  366 00000198         ;;Confirm that button is still being pressed
  367 00000198         ;CONFIRM_PRESSED
  368 00000198         
  369 00000198         ;;update pin info
  370 00000198         ;LDR r4, =IO0PIN
  371 00000198         ;LDR r5, [r4]
  372 00000198         
  373 00000198         ;LDR  r4, =0x4000  ;check if P0.14 is pressed
  374 00000198         ;AND  r6, r5, r4   ;compare previous pin data with curre
                       nt data
  375 00000198         ;CMP  r4, r6   
  376 00000198         ;BEQ  CHECK   ;if true, no button press was read
  377 00000198         ;BL  delay    ;apply a delay to confirm button press
  378 00000198         
  379 00000198         ;STATE_CHECK
  380 00000198         
  381 00000198         ;;grab current pin info
  382 00000198         ;LDR r4, =IO0PIN
  383 00000198         ;LDR r5, [r4]
  384 00000198         ;LDR r6, =0xBF00
  385 00000198         ;AND r5, r5, r6
  386 00000198         ;CMP r5, r6  
  387 00000198         ;BEQ LEDS_ON2  ;if true, State 0 (OFF -> ON) 
  388 00000198         ;B LEDS_OFF2 ;else, state 1  (ON -> OFF)
  389 00000198         
  390 00000198         DONE
  391 00000198         
  392 00000198 EAFFFFFE 
                       stop    B                stop
  393 0000019C         
  394 0000019C                 END
              FFFF0000 
              E002800C 
              E0028004 
              E0028000 
              E002C000 
              E0028008 
Command Line: --debug --xref --diag_suppress=9931 --apcs=interwork --depend=.\o
bjects\lab8.d -o.\objects\lab8.o -IC:\Keil_v5\ARM\RV31\INC -IC:\Keil_v5\ARM\CMS
IS\Include -IC:\Keil_v5\ARM\INC\Philips --predefine="__EVAL SETA 1" --predefine
="__UVISION_VERSION SETA 524" --list=.\listings\lab8.lst lab8.s



ARM Macro Assembler    Page 1 Alphabetic symbol ordering
Relocatable symbols

CHECK 00000144

Symbol: CHECK
   Definitions
      At line 305 in file lab8.s
   Uses
      At line 318 in file lab8.s
      At line 331 in file lab8.s

CONFIRM_PRESSED 00000160

Symbol: CONFIRM_PRESSED
   Definitions
      At line 322 in file lab8.s
   Uses
      None
Comment: CONFIRM_PRESSED unused
DONE 00000198

Symbol: DONE
   Definitions
      At line 390 in file lab8.s
   Uses
      At line 58 in file lab8.s
Comment: DONE used once
IS_PRESSED 00000144

Symbol: IS_PRESSED
   Definitions
      At line 303 in file lab8.s
   Uses
      At line 127 in file lab8.s
      At line 136 in file lab8.s
      At line 173 in file lab8.s
      At line 206 in file lab8.s

LEDS_OFF 00000078

Symbol: LEDS_OFF
   Definitions
      At line 125 in file lab8.s
   Uses
      None
Comment: LEDS_OFF unused
LEDS_OFF2 00000094

Symbol: LEDS_OFF2
   Definitions
      At line 153 in file lab8.s
   Uses
      At line 346 in file lab8.s
Comment: LEDS_OFF2 used once
LEDS_ON 00000080

Symbol: LEDS_ON
   Definitions
      At line 130 in file lab8.s
   Uses
      None



ARM Macro Assembler    Page 2 Alphabetic symbol ordering
Relocatable symbols

Comment: LEDS_ON unused
LEDS_ON2 000000C0

Symbol: LEDS_ON2
   Definitions
      At line 176 in file lab8.s
   Uses
      At line 204 in file lab8.s
      At line 345 in file lab8.s

LED_CHECK 00000058

Symbol: LED_CHECK
   Definitions
      At line 103 in file lab8.s
   Uses
      At line 96 in file lab8.s
Comment: LED_CHECK used once
LED_NEXT 00000038

Symbol: LED_NEXT
   Definitions
      At line 87 in file lab8.s
   Uses
      None
Comment: LED_NEXT unused
LED_START 0000002C

Symbol: LED_START
   Definitions
      At line 76 in file lab8.s
   Uses
      At line 101 in file lab8.s
      At line 109 in file lab8.s

LED_button1 0000006C

Symbol: LED_button1
   Definitions
      At line 115 in file lab8.s
   Uses
      None
Comment: LED_button1 unused
LED_button2 00000088

Symbol: LED_button2
   Definitions
      At line 144 in file lab8.s
   Uses
      At line 56 in file lab8.s
Comment: LED_button2 used once
LED_pins 00000108

Symbol: LED_pins
   Definitions
      At line 273 in file lab8.s
   Uses
      At line 55 in file lab8.s
      At line 156 in file lab8.s



ARM Macro Assembler    Page 3 Alphabetic symbol ordering
Relocatable symbols

      At line 170 in file lab8.s
      At line 179 in file lab8.s
      At line 196 in file lab8.s

LED_running 00000014

Symbol: LED_running
   Definitions
      At line 64 in file lab8.s
   Uses
      None
Comment: LED_running unused
STATE_CHECK 0000017C

Symbol: STATE_CHECK
   Definitions
      At line 336 in file lab8.s
   Uses
      None
Comment: STATE_CHECK unused
TASK1 00000000

Symbol: TASK1
   Definitions
      At line 37 in file lab8.s
   Uses
      None
Comment: TASK1 unused
TASK3 00000000

Symbol: TASK3
   Definitions
      At line 45 in file lab8.s
   Uses
      At line 106 in file lab8.s
Comment: TASK3 used once
TASK4 00000000

Symbol: TASK4
   Definitions
      At line 52 in file lab8.s
   Uses
      None
Comment: TASK4 unused
checkon 000000E0

Symbol: checkon
   Definitions
      At line 190 in file lab8.s
   Uses
      None
Comment: checkon unused
mycode 00000000

Symbol: mycode
   Definitions
      At line 32 in file lab8.s
   Uses
      None



ARM Macro Assembler    Page 4 Alphabetic symbol ordering
Relocatable symbols

Comment: mycode unused
stop 00000198

Symbol: stop
   Definitions
      At line 392 in file lab8.s
   Uses
      At line 392 in file lab8.s
Comment: stop used once
user_code 00000000

Symbol: user_code
   Definitions
      At line 34 in file lab8.s
   Uses
      At line 31 in file lab8.s
Comment: user_code used once
23 symbols



ARM Macro Assembler    Page 1 Alphabetic symbol ordering
Absolute symbols

IO0CLR E002800C

Symbol: IO0CLR
   Definitions
      At line 15 in file lab8.s
   Uses
      At line 69 in file lab8.s
      At line 121 in file lab8.s
      At line 149 in file lab8.s
      At line 161 in file lab8.s
      At line 183 in file lab8.s

IO0DIR E0028008

Symbol: IO0DIR
   Definitions
      At line 8 in file lab8.s
   Uses
      At line 287 in file lab8.s
Comment: IO0DIR used once
IO0DIROUT1 0000FF00

Symbol: IO0DIROUT1
   Definitions
      At line 9 in file lab8.s
   Uses
      None
Comment: IO0DIROUT1 unused
IO0DIROUT2 00000F00

Symbol: IO0DIROUT2
   Definitions
      At line 10 in file lab8.s
   Uses
      None
Comment: IO0DIROUT2 unused
IO0DIROUT3 FFFF00FF

Symbol: IO0DIROUT3
   Definitions
      At line 11 in file lab8.s
   Uses
      None
Comment: IO0DIROUT3 unused
IO0PIN E0028000

Symbol: IO0PIN
   Definitions
      At line 16 in file lab8.s
   Uses
      At line 198 in file lab8.s
      At line 307 in file lab8.s
      At line 325 in file lab8.s
      At line 339 in file lab8.s

IO0SET E0028004

Symbol: IO0SET
   Definitions



ARM Macro Assembler    Page 2 Alphabetic symbol ordering
Absolute symbols

      At line 14 in file lab8.s
   Uses
      At line 70 in file lab8.s
      At line 122 in file lab8.s
      At line 150 in file lab8.s
      At line 162 in file lab8.s
      At line 184 in file lab8.s

LED14_OFF FFFFBFFF

Symbol: LED14_OFF
   Definitions
      At line 20 in file lab8.s
   Uses
      None
Comment: LED14_OFF unused
LED14_ON 00004000

Symbol: LED14_ON
   Definitions
      At line 19 in file lab8.s
   Uses
      None
Comment: LED14_ON unused
LED_OFF1 FFFFFEFF

Symbol: LED_OFF1
   Definitions
      At line 24 in file lab8.s
   Uses
      At line 67 in file lab8.s
Comment: LED_OFF1 used once
LED_OFF2 FFFFBFFF

Symbol: LED_OFF2
   Definitions
      At line 25 in file lab8.s
   Uses
      None
Comment: LED_OFF2 unused
LED_ON1 00000100

Symbol: LED_ON1
   Definitions
      At line 23 in file lab8.s
   Uses
      At line 68 in file lab8.s
Comment: LED_ON1 used once
PINSEL0 E002C000

Symbol: PINSEL0
   Definitions
      At line 3 in file lab8.s
   Uses
      At line 281 in file lab8.s
Comment: PINSEL0 used once
PINSEL0GPIO1 FFFF0000

Symbol: PINSEL0GPIO1



ARM Macro Assembler    Page 3 Alphabetic symbol ordering
Absolute symbols

   Definitions
      At line 4 in file lab8.s
   Uses
      At line 53 in file lab8.s
Comment: PINSEL0GPIO1 used once
PINSEL0GPIO2 00FF0000

Symbol: PINSEL0GPIO2
   Definitions
      At line 5 in file lab8.s
   Uses
      None
Comment: PINSEL0GPIO2 unused
15 symbols



ARM Macro Assembler    Page 1 Alphabetic symbol ordering
External symbols

delay 00000000

Symbol: delay
   Definitions
      At line 30 in file lab8.s
   Uses
      At line 85 in file lab8.s
      At line 188 in file lab8.s
      At line 319 in file lab8.s
      At line 332 in file lab8.s

1 symbol
373 symbols in table
