


ARM Macro Assembler    Page 1 


    1 00000000                 IMPORT           delay
    2 00000000 E002C000 
                       PINSEL0 EQU              0xE002C000
    3 00000000 E0028008 
                       IO0DIR  EQU              0xE0028008
    4 00000000 E0028000 
                       IO0PIN  EQU              0xE0028000
    5 00000000         
    6 00000000 0000FFFF 
                       MASK1   EQU              0x0000FFFF  ;mask for GPIO
    7 00000000 FFFF0000 
                       MASK2   EQU              0xFFFF0000  ;mask for pin direc
                                                            tion
    8 00000000 FFFFFEFF 
                       TASK1   EQU              0xFFFFFEFF  ;start at pin 8
    9 00000000 0000FF00 
                       MASK3   EQU              0x0000FF00
   10 00000000 FFFFFDFF 
                       TASK2   EQU              0xFFFFFDFF
   11 00000000         
   12 00000000                 GLOBAL           user_code
   13 00000000                 AREA             mycode,CODE,READONLY
   14 00000000         
   15 00000000         user_code
   16 00000000         
   17 00000000 E59F1078        LDR              r1, =PINSEL0 ; PINSELO0 is a co
                                                            ntrol register
   18 00000004 E5912000        LDR              r2, [r1]
   19 00000008 E59F0074        LDR              r0, =MASK1  ; this is our mask 
                                                            for ANDing( 1 ->0)
   20 0000000C E0002002        AND              r2, r0, r2  ; 
   21 00000010 E5812000        STR              r2, [r1]    ; bit 8 to 15 are s
                                                            et to GPIO
   22 00000014         
   23 00000014 E3A00CFF        LDR              r0, =MASK3  ; this is our mask 
                                                            for ANDing( 0 -> 1)
                                                            
   24 00000018 E59F3068        LDR              r3, =IO0DIR ;will mask with R0 
                                                            which is already lo
                                                            aded
   25 0000001C E5934000        LDR              r4, [r3]
   26 00000020 E1804004        ORR              r4, r0, r4
   27 00000024 E5834000        STR              r4, [r3]
   28 00000028         
   29 00000028         ;TURN ON 8 INTIALLY
   30 00000028         
   31 00000028         
   32 00000028         
   33 00000028         
   34 00000028         START
   35 00000028 E3E00C01        LDR              r0, =TASK1  ;start at pin 8
   36 0000002C E59F1058        LDR              r1, =IO0PIN
   37 00000030 E5912000        LDR              r2, [r1]
   38 00000034 E1803001        ORR              r3, r0, r1
   39 00000038 E5813000        STR              r3, [r1]
   40 0000003C         ;BL delay
   41 0000003C         
   42 0000003C         
   43 0000003C E3A05008        LDR              r5, =0x8    ;loop 8 times



ARM Macro Assembler    Page 2 


   44 00000040         
   45 00000040         NEXT
   46 00000040 E3A04CFF        LDR              r4, =MASK3
   47 00000044 E5912000        LDR              r2, [r1]
   48 00000048 E1843001        ORR              r3, r4, r1
   49 0000004C E5813000        STR              r3, [r1]
   50 00000050         
   51 00000050 EBFFFFFE        BL               delay
   52 00000054         
   53 00000054         
   54 00000054         
   55 00000054 E5912000        LDR              r2, [r1]
   56 00000058 E1803001        ORR              r3, r0, r1
   57 0000005C E5813000        STR              r3, [r1]
   58 00000060         
   59 00000060 E1A00080        LSL              r0, r0, #1
   60 00000064 E2555001        SUBS             r5, r5, #1
   61 00000068 E3550000        CMP              r5, #0
   62 0000006C 01A00460        ROREQ            r0, r0, #8
   63 00000070 02855008        ADDEQ            r5,r5, #8
   64 00000074         
   65 00000074         
   66 00000074         
   67 00000074 EBFFFFFE        BL               delay
   68 00000078         ;AND  r0, r0, r5
   69 00000078         ;ORR  r3, r4, r1
   70 00000078         ;STR  r3, [r1]
   71 00000078         ;ROR  r0, #7
   72 00000078         
   73 00000078         ;ADD    r5, r5, #1
   74 00000078         ;BEQ  START
   75 00000078 EAFFFFF0        B                NEXT
   76 0000007C         
   77 0000007C         
   78 0000007C         ;call sub
   79 0000007C         ; BL delay
   80 0000007C         
   81 0000007C         
   82 0000007C         ;STR r5, [r6,#IO0CLR]
   83 0000007C         
   84 0000007C         ;BL delay
   85 0000007C         
   86 0000007C         ;return
   87 0000007C         
   88 0000007C         ;B LEDnext
   89 0000007C         
   90 0000007C         ;------------------------------------------------------
   91 0000007C         ;call sub
   92 0000007C         ;STMEA SP!, {r0-r2, LR} ;preserve r0
   93 0000007C         ;MRS r2, CPSR  ;preserve flags, place in r2
   94 0000007C         
   95 0000007C         ;BL delay   ;call subroutine
   96 0000007C         
   97 0000007C         ;MSR CPSR_f, r2
   98 0000007C         ;LDMEA SP!, {r0-r2, LR}  
   99 0000007C         ;------------------------------------------------------
  100 0000007C         
  101 0000007C EAFFFFFE 
                       stop    B                stop



ARM Macro Assembler    Page 3 


  102 00000080         
  103 00000080                 END
              E002C000 
              0000FFFF 
              E0028008 
              E0028000 
Command Line: --debug --xref --diag_suppress=9931 --apcs=interwork --depend=.\o
bjects\lab8.d -o.\objects\lab8.o -IC:\Keil_v5\ARM\RV31\INC -IC:\Keil_v5\ARM\CMS
IS\Include -IC:\Keil_v5\ARM\INC\Philips --predefine="__EVAL SETA 1" --predefine
="__UVISION_VERSION SETA 524" --list=.\listings\lab8.lst lab8.s



ARM Macro Assembler    Page 1 Alphabetic symbol ordering
Relocatable symbols

NEXT 00000040

Symbol: NEXT
   Definitions
      At line 45 in file lab8.s
   Uses
      At line 75 in file lab8.s
Comment: NEXT used once
START 00000028

Symbol: START
   Definitions
      At line 34 in file lab8.s
   Uses
      None
Comment: START unused
mycode 00000000

Symbol: mycode
   Definitions
      At line 13 in file lab8.s
   Uses
      None
Comment: mycode unused
stop 0000007C

Symbol: stop
   Definitions
      At line 101 in file lab8.s
   Uses
      At line 101 in file lab8.s
Comment: stop used once
user_code 00000000

Symbol: user_code
   Definitions
      At line 15 in file lab8.s
   Uses
      At line 12 in file lab8.s
Comment: user_code used once
5 symbols



ARM Macro Assembler    Page 1 Alphabetic symbol ordering
Absolute symbols

IO0DIR E0028008

Symbol: IO0DIR
   Definitions
      At line 3 in file lab8.s
   Uses
      At line 24 in file lab8.s
Comment: IO0DIR used once
IO0PIN E0028000

Symbol: IO0PIN
   Definitions
      At line 4 in file lab8.s
   Uses
      At line 36 in file lab8.s
Comment: IO0PIN used once
MASK1 0000FFFF

Symbol: MASK1
   Definitions
      At line 6 in file lab8.s
   Uses
      At line 19 in file lab8.s
Comment: MASK1 used once
MASK2 FFFF0000

Symbol: MASK2
   Definitions
      At line 7 in file lab8.s
   Uses
      None
Comment: MASK2 unused
MASK3 0000FF00

Symbol: MASK3
   Definitions
      At line 9 in file lab8.s
   Uses
      At line 23 in file lab8.s
      At line 46 in file lab8.s

PINSEL0 E002C000

Symbol: PINSEL0
   Definitions
      At line 2 in file lab8.s
   Uses
      At line 17 in file lab8.s
Comment: PINSEL0 used once
TASK1 FFFFFEFF

Symbol: TASK1
   Definitions
      At line 8 in file lab8.s
   Uses
      At line 35 in file lab8.s
Comment: TASK1 used once
TASK2 FFFFFDFF




ARM Macro Assembler    Page 2 Alphabetic symbol ordering
Absolute symbols

Symbol: TASK2
   Definitions
      At line 10 in file lab8.s
   Uses
      None
Comment: TASK2 unused
8 symbols



ARM Macro Assembler    Page 1 Alphabetic symbol ordering
External symbols

delay 00000000

Symbol: delay
   Definitions
      At line 1 in file lab8.s
   Uses
      At line 51 in file lab8.s
      At line 67 in file lab8.s

1 symbol
348 symbols in table
