


ARM Macro Assembler    Page 1 


    1 00000000                 IMPORT           user_code
    2 00000000                 IMPORT           DELAY
    3 00000000         ;delay value (4 clk cyc / 12e6 Hz)
    4 00000000         
    5 00000000                 GLOBAL           LCD_cmd
    6 00000000                 AREA             mycode,CODE,READONLY
    7 00000000         
    8 00000000 00000025 
                       WAIT_6us
                               EQU              0x25
    9 00000000 000000F1 
                       WAIT_40us
                               EQU              0xF1
   10 00000000 00000259 
                       WAIT_100us
                               EQU              0x259
   11 00000000 00006019 
                       WAIT_4ms
                               EQU              0x6019
   12 00000000 00015F91 
                       WAIT_15ms
                               EQU              0x00015F91
   13 00000000         
   14 00000000         
   15 00000000 FF9FFFFF 
                       SET0_DATA
                               EQU              0xFF9FFFFF
   16 00000000 FEFFFFFF 
                       SET0_RS EQU              0xFEFFFFFF
   17 00000000 FDFFFFFF 
                       SET0_E  EQU              0xFDFFFFFF
   18 00000000 FFBFFFFF 
                       SET0_RW EQU              0xFFBFFFFF
   19 00000000         
   20 00000000 00300000 
                       LCDWAKE EQU              0x300000    ;send 3 times
   21 00000000 00380000 
                       LCDISET EQU              0x380000
   22 00000000 000C0000 
                       LCD_ON  EQU              0x0C0000
   23 00000000 00010000 
                       LCDCLR  EQU              0x010000
   24 00000000 00060000 
                       AUTOR   EQU              0x060000
   25 00000000         
   26 00000000 02000000 
                       LCD_E   EQU              0x02000000
   27 00000000         
   28 00000000         LCD_cmd
   29 00000000         
   30 00000000         ;(1) D[7:0] = command (passed from the calling program).
                       
   31 00000000 E5913000        LDR              R3,[r1]
   32 00000004 E1843003        ORR              r3,r4,r3
   33 00000008 E5813000        STR              r3,[R1]
   34 0000000C         
   35 0000000C         ;(2) RS = 0, R/W = 0, and E = 0 ; and wait for at least 
                       6µ??.
   36 0000000C E3E04401        LDR              r4,=SET0_RS ;set RS = 0



ARM Macro Assembler    Page 2 


   37 00000010 E0033004        AND              R3,R3,r4
   38 00000014 E5813000        STR              R3,[R1]
   39 00000018         
   40 00000018 E3E04402        LDR              r4,=SET0_E
   41 0000001C E0033004        AND              R3,R3,r4
   42 00000020 E5813000        STR              R3,[R1]
   43 00000024         
   44 00000024 E3E04501        LDR              r4,=SET0_RW
   45 00000028 E0022004        AND              R2,R2,R4
   46 0000002C E5802000        STR              r2,[r0]
   47 00000030         
   48 00000030 E3A09025        LDR              r9,=WAIT_6us
   49 00000034 EBFFFFFE        BL               DELAY
   50 00000038         ;(3) E = 1 ; and wait for at least 6µ??.
   51 00000038 E3A04402        LDR              r4,=LCD_E
   52 0000003C E1833004        ORR              R3,R3,r4
   53 00000040 E5813000        STR              R3,[R1]
   54 00000044         
   55 00000044 E3A09025        LDR              r9,=WAIT_6us
   56 00000048 EBFFFFFE        BL               DELAY
   57 0000004C         ;(4) E = 0; and wait for at least 40µ??.
   58 0000004C E3E04402        LDR              r4,=SET0_E
   59 00000050 E0033004        AND              R3,R3,r4
   60 00000054 E5813000        STR              R3,[R1]
   61 00000058         
   62 00000058 E3A090F1        LDR              r9,=WAIT_40us
   63 0000005C EBFFFFFE        BL               DELAY
   64 00000060         ;CLEANUP
   65 00000060 E3E04606        LDR              r4,=SET0_DATA
   66 00000064 E0033004        AND              R3,r3,r4
   67 00000068 E5813000        STR              R3,[R1]
   68 0000006C E12FFF1E        BX               LR
   69 00000070                 END
Command Line: --debug --xref --diag_suppress=9931 --apcs=interwork --depend=.\o
bjects\lcd_cmd.d -o.\objects\lcd_cmd.o -IC:\Keil_v5\ARM\RV31\INC -IC:\Keil_v5\A
RM\CMSIS\Include -IC:\Keil_v5\ARM\INC\Philips --predefine="__EVAL SETA 1" --pre
define="__UVISION_VERSION SETA 524" --list=.\listings\lcd_cmd.lst LCD_cmd.s



ARM Macro Assembler    Page 1 Alphabetic symbol ordering
Relocatable symbols

LCD_cmd 00000000

Symbol: LCD_cmd
   Definitions
      At line 28 in file LCD_cmd.s
   Uses
      At line 5 in file LCD_cmd.s
Comment: LCD_cmd used once
mycode 00000000

Symbol: mycode
   Definitions
      At line 6 in file LCD_cmd.s
   Uses
      None
Comment: mycode unused
2 symbols



ARM Macro Assembler    Page 1 Alphabetic symbol ordering
Absolute symbols

AUTOR 00060000

Symbol: AUTOR
   Definitions
      At line 24 in file LCD_cmd.s
   Uses
      None
Comment: AUTOR unused
LCDCLR 00010000

Symbol: LCDCLR
   Definitions
      At line 23 in file LCD_cmd.s
   Uses
      None
Comment: LCDCLR unused
LCDISET 00380000

Symbol: LCDISET
   Definitions
      At line 21 in file LCD_cmd.s
   Uses
      None
Comment: LCDISET unused
LCDWAKE 00300000

Symbol: LCDWAKE
   Definitions
      At line 20 in file LCD_cmd.s
   Uses
      None
Comment: LCDWAKE unused
LCD_E 02000000

Symbol: LCD_E
   Definitions
      At line 26 in file LCD_cmd.s
   Uses
      At line 51 in file LCD_cmd.s
Comment: LCD_E used once
LCD_ON 000C0000

Symbol: LCD_ON
   Definitions
      At line 22 in file LCD_cmd.s
   Uses
      None
Comment: LCD_ON unused
SET0_DATA FF9FFFFF

Symbol: SET0_DATA
   Definitions
      At line 15 in file LCD_cmd.s
   Uses
      At line 65 in file LCD_cmd.s
Comment: SET0_DATA used once
SET0_E FDFFFFFF

Symbol: SET0_E



ARM Macro Assembler    Page 2 Alphabetic symbol ordering
Absolute symbols

   Definitions
      At line 17 in file LCD_cmd.s
   Uses
      At line 40 in file LCD_cmd.s
      At line 58 in file LCD_cmd.s

SET0_RS FEFFFFFF

Symbol: SET0_RS
   Definitions
      At line 16 in file LCD_cmd.s
   Uses
      At line 36 in file LCD_cmd.s
Comment: SET0_RS used once
SET0_RW FFBFFFFF

Symbol: SET0_RW
   Definitions
      At line 18 in file LCD_cmd.s
   Uses
      At line 44 in file LCD_cmd.s
Comment: SET0_RW used once
WAIT_100us 00000259

Symbol: WAIT_100us
   Definitions
      At line 10 in file LCD_cmd.s
   Uses
      None
Comment: WAIT_100us unused
WAIT_15ms 00015F91

Symbol: WAIT_15ms
   Definitions
      At line 12 in file LCD_cmd.s
   Uses
      None
Comment: WAIT_15ms unused
WAIT_40us 000000F1

Symbol: WAIT_40us
   Definitions
      At line 9 in file LCD_cmd.s
   Uses
      At line 62 in file LCD_cmd.s
Comment: WAIT_40us used once
WAIT_4ms 00006019

Symbol: WAIT_4ms
   Definitions
      At line 11 in file LCD_cmd.s
   Uses
      None
Comment: WAIT_4ms unused
WAIT_6us 00000025

Symbol: WAIT_6us
   Definitions
      At line 8 in file LCD_cmd.s



ARM Macro Assembler    Page 3 Alphabetic symbol ordering
Absolute symbols

   Uses
      At line 48 in file LCD_cmd.s
      At line 55 in file LCD_cmd.s

15 symbols



ARM Macro Assembler    Page 1 Alphabetic symbol ordering
External symbols

DELAY 00000000

Symbol: DELAY
   Definitions
      At line 2 in file LCD_cmd.s
   Uses
      At line 49 in file LCD_cmd.s
      At line 56 in file LCD_cmd.s
      At line 63 in file LCD_cmd.s

user_code 00000000

Symbol: user_code
   Definitions
      At line 1 in file LCD_cmd.s
   Uses
      None
Comment: user_code unused
2 symbols
351 symbols in table
