


ARM Macro Assembler    Page 1 


    1 00000000                 IMPORT           user_code
    2 00000000         
    3 00000000         ;DELAY
    4 00000000 E01FC000 
                       MAMCR   EQU              0xE01FC000
    5 00000000 E01FC004 
                       MAMTIM  EQU              0xE01FC004
    6 00000000         
    7 00000000         ;Standard definitions of Mode bits and Interrupt (I & F)
                        flags in PSR
    8 00000000 00000010 
                       Mode_USR
                               EQU              0x10
    9 00000000 00000080 
                       I_Bit   EQU              0X80        ;when I bit set, IR
                                                            Q disabled
   10 00000000 00000040 
                       F_Bit   EQU              0X40        ;when F bit set, FI
                                                            Q disabled
   11 00000000         
   12 00000000         ;Definitions of User Mode Stack and Size
   13 00000000 00000100 
                       USR_Stack_Size
                               EQU              0x00000100
   14 00000000 40000000 
                       SRAM    EQU              0x40000000
   15 00000000 40000100 
                       Stack_Top
                               EQU              SRAM+USR_Stack_Size
   16 00000000         
   17 00000000                 AREA             RESET,CODE,READONLY
   18 00000000                 ENTRY
   19 00000000                 ARM
   20 00000000         
   21 00000000         VECTORS
   22 00000000 E59FF018        LDR              PC,Reset_Addr
   23 00000004 E59FF018        LDR              PC,Undef_Addr
   24 00000008 E59FF018        LDR              PC,SWI_Addr
   25 0000000C E59FF018        LDR              PC,PAbt_Addr
   26 00000010 E59FF018        LDR              PC,DAbt_Addr
   27 00000014 E1A00000        NOP
   28 00000018 E59FF018        LDR              PC,IRQ_Addr
   29 0000001C E59FF018        LDR              PC,FIQ_Addr
   30 00000020         
   31 00000020 00000000 
                       Reset_Addr
                               DCD              user_code
   32 00000024 00000000 
                       Undef_Addr
                               DCD              UndefHandler
   33 00000028 00000000 
                       SWI_Addr
                               DCD              SWIHandler
   34 0000002C 00000000 
                       PAbt_Addr
                               DCD              PAbtHandler
   35 00000030 00000000 
                       DAbt_Addr
                               DCD              DAbtHandler



ARM Macro Assembler    Page 2 


   36 00000034 00000000        DCD              0
   37 00000038 00000000 
                       IRQ_Addr
                               DCD              IRQHandler
   38 0000003C 00000000 
                       FIQ_Addr
                               DCD              FIQHandler
   39 00000040         
   40 00000040 EAFFFFFE 
                       SWIHandler
                               B                SWIHandler
   41 00000044 EAFFFFFE 
                       PAbtHandler
                               B                PAbtHandler
   42 00000048 EAFFFFFE 
                       DAbtHandler
                               B                DAbtHandler
   43 0000004C EAFFFFFE 
                       IRQHandler
                               B                IRQHandler
   44 00000050 EAFFFFFE 
                       FIQHandler
                               B                FIQHandler
   45 00000054 EAFFFFFE 
                       UndefHandler
                               B                UndefHandler
   46 00000058         
   47 00000058         ;-------------------------------------------------------
                       -
   48 00000058         
   49 00000058         ;Enter User Mode with interrupts enabled 
   50 00000058 E3A0E010        MOV              R14, #Mode_USR
   51 0000005C E3CEE0C0        BIC              R14, R14, #(I_Bit+F_Bit)
   52 00000060 E121F00E        MSR              cpsr_c, r14
   53 00000064         ;initialize stack, FD
   54 00000064 E59FD024        LDR              SP, =Stack_Top
   55 00000068         ;load start address of user code into PC
   56 00000068 E59FF024        LDR              pc, =user_code
   57 0000006C         
   58 0000006C         ;-------------------------------------------------------
                       -
   59 0000006C         ;This will initialize memory acceletor 
   60 0000006C         ;to run at one clock cycle instead of seven
   61 0000006C         
   62 0000006C         Reset_Handler
   63 0000006C         
   64 0000006C E59F1024        LDR              r1,=MAMCR
   65 00000070 E3A00000        MOV              R0, #0x0
   66 00000074 E5810000        STR              R0, [R1]
   67 00000078 E59F201C        LDR              R2,=MAMTIM
   68 0000007C E3A00001        MOV              R0,#0x1
   69 00000080 E5820000        STR              R0,[R2]
   70 00000084 E3A00002        MOV              R0,#0x2
   71 00000088 E5810000        STR              R0,[R1]
   72 0000008C EAFFFFFE        B                user_code
   73 00000090                 END
              40000100 
              00000000 
              E01FC000 



ARM Macro Assembler    Page 3 


              E01FC004 
Command Line: --debug --xref --diag_suppress=9931 --apcs=interwork --depend=.\o
bjects\mystartup.d -o.\objects\mystartup.o -IC:\Keil_v5\ARM\RV31\INC -IC:\Keil_
v5\ARM\CMSIS\Include -IC:\Keil_v5\ARM\INC\Philips --predefine="__EVAL SETA 1" -
-predefine="__UVISION_VERSION SETA 524" --list=.\listings\mystartup.lst mystart
up.s



ARM Macro Assembler    Page 1 Alphabetic symbol ordering
Relocatable symbols

DAbtHandler 00000048

Symbol: DAbtHandler
   Definitions
      At line 42 in file mystartup.s
   Uses
      At line 35 in file mystartup.s
      At line 42 in file mystartup.s

DAbt_Addr 00000030

Symbol: DAbt_Addr
   Definitions
      At line 35 in file mystartup.s
   Uses
      At line 26 in file mystartup.s
Comment: DAbt_Addr used once
FIQHandler 00000050

Symbol: FIQHandler
   Definitions
      At line 44 in file mystartup.s
   Uses
      At line 38 in file mystartup.s
      At line 44 in file mystartup.s

FIQ_Addr 0000003C

Symbol: FIQ_Addr
   Definitions
      At line 38 in file mystartup.s
   Uses
      At line 29 in file mystartup.s
Comment: FIQ_Addr used once
IRQHandler 0000004C

Symbol: IRQHandler
   Definitions
      At line 43 in file mystartup.s
   Uses
      At line 37 in file mystartup.s
      At line 43 in file mystartup.s

IRQ_Addr 00000038

Symbol: IRQ_Addr
   Definitions
      At line 37 in file mystartup.s
   Uses
      At line 28 in file mystartup.s
Comment: IRQ_Addr used once
PAbtHandler 00000044

Symbol: PAbtHandler
   Definitions
      At line 41 in file mystartup.s
   Uses
      At line 34 in file mystartup.s
      At line 41 in file mystartup.s



ARM Macro Assembler    Page 2 Alphabetic symbol ordering
Relocatable symbols


PAbt_Addr 0000002C

Symbol: PAbt_Addr
   Definitions
      At line 34 in file mystartup.s
   Uses
      At line 25 in file mystartup.s
Comment: PAbt_Addr used once
RESET 00000000

Symbol: RESET
   Definitions
      At line 17 in file mystartup.s
   Uses
      None
Comment: RESET unused
Reset_Addr 00000020

Symbol: Reset_Addr
   Definitions
      At line 31 in file mystartup.s
   Uses
      At line 22 in file mystartup.s
Comment: Reset_Addr used once
Reset_Handler 0000006C

Symbol: Reset_Handler
   Definitions
      At line 62 in file mystartup.s
   Uses
      None
Comment: Reset_Handler unused
SWIHandler 00000040

Symbol: SWIHandler
   Definitions
      At line 40 in file mystartup.s
   Uses
      At line 33 in file mystartup.s
      At line 40 in file mystartup.s

SWI_Addr 00000028

Symbol: SWI_Addr
   Definitions
      At line 33 in file mystartup.s
   Uses
      At line 24 in file mystartup.s
Comment: SWI_Addr used once
UndefHandler 00000054

Symbol: UndefHandler
   Definitions
      At line 45 in file mystartup.s
   Uses
      At line 32 in file mystartup.s
      At line 45 in file mystartup.s




ARM Macro Assembler    Page 3 Alphabetic symbol ordering
Relocatable symbols

Undef_Addr 00000024

Symbol: Undef_Addr
   Definitions
      At line 32 in file mystartup.s
   Uses
      At line 23 in file mystartup.s
Comment: Undef_Addr used once
VECTORS 00000000

Symbol: VECTORS
   Definitions
      At line 21 in file mystartup.s
   Uses
      None
Comment: VECTORS unused
16 symbols



ARM Macro Assembler    Page 1 Alphabetic symbol ordering
Absolute symbols

F_Bit 00000040

Symbol: F_Bit
   Definitions
      At line 10 in file mystartup.s
   Uses
      At line 51 in file mystartup.s
Comment: F_Bit used once
I_Bit 00000080

Symbol: I_Bit
   Definitions
      At line 9 in file mystartup.s
   Uses
      At line 51 in file mystartup.s
Comment: I_Bit used once
MAMCR E01FC000

Symbol: MAMCR
   Definitions
      At line 4 in file mystartup.s
   Uses
      At line 64 in file mystartup.s
Comment: MAMCR used once
MAMTIM E01FC004

Symbol: MAMTIM
   Definitions
      At line 5 in file mystartup.s
   Uses
      At line 67 in file mystartup.s
Comment: MAMTIM used once
Mode_USR 00000010

Symbol: Mode_USR
   Definitions
      At line 8 in file mystartup.s
   Uses
      At line 50 in file mystartup.s
Comment: Mode_USR used once
SRAM 40000000

Symbol: SRAM
   Definitions
      At line 14 in file mystartup.s
   Uses
      At line 15 in file mystartup.s
Comment: SRAM used once
Stack_Top 40000100

Symbol: Stack_Top
   Definitions
      At line 15 in file mystartup.s
   Uses
      At line 54 in file mystartup.s
Comment: Stack_Top used once
USR_Stack_Size 00000100

Symbol: USR_Stack_Size



ARM Macro Assembler    Page 2 Alphabetic symbol ordering
Absolute symbols

   Definitions
      At line 13 in file mystartup.s
   Uses
      At line 15 in file mystartup.s
Comment: USR_Stack_Size used once
8 symbols



ARM Macro Assembler    Page 1 Alphabetic symbol ordering
External symbols

user_code 00000000

Symbol: user_code
   Definitions
      At line 1 in file mystartup.s
   Uses
      At line 31 in file mystartup.s
      At line 56 in file mystartup.s
      At line 72 in file mystartup.s

1 symbol
359 symbols in table
