


ARM Macro Assembler    Page 1 


    1 00000000 00000004 
                       num     EQU              4           ;value for Task1
    2 00000000 0000006F 
                       char    EQU              0x0000006F  ;value for Task3 (c
                                                            har o in hex)
    3 00000000         
    4 00000000 E0028000 
                       IO0_BASE
                               EQU              0xE0028000  ;BR address for Tas
                                                            k4
    5 00000000 00000000 
                       IO0PIN  EQU              0           ;base register
    6 00000000 00000008 
                       IO0DIR  EQU              0x8         ;pin direction
    7 00000000 00000004 
                       IO0SET  EQU              0x4         ;set pins
    8 00000000 0000000C 
                       IO0CLR  EQU              0xC         ;clear pins
    9 00000000 00000003 
                       DELAYVAL
                               EQU              3           ;delay value (4 clk
                                                             cyc / 12e6 Hz)
   10 00000000 FFFF0000 
                       MASK1   EQU              0xFFFF0000  ;mask for GPIO
   11 00000000 0000FFFF 
                       MASK2   EQU              0x0000FFFF  ;mask for pin direc
                                                            tion
   12 00000000 0000FF00 
                       TASK4   EQU              0xFF00      ;use all LEDs
   13 00000000         
   14 00000000                 GLOBAL           user_code
   15 00000000                 AREA             mycode,CODE,READONLY
   16 00000000         
   17 00000000         user_code
   18 00000000         
   19 00000000         ;initialize task 1
   20 00000000 E3A00004        MOV              r0, #num    ;num value (counter
                                                            )
   21 00000004 E3A01000        MOV              r1, #0      ;initialize sum (en
                                                            d result)
   22 00000008         
   23 00000008         ;initialize task4
   24 00000008 E3A0A001        MOV              r10, #1     ;loop 5 times
   25 0000000C         
   26 0000000C         ;initialize task5
   27 0000000C         
   28 0000000C         ; *** Task 1 - sum 
   29 0000000C         SUM
   30 0000000C E0801001        ADD              r1, r0, r1  ;do sum
   31 00000010 E2500001        SUBS             r0, r0, #1  ;decrement 
   32 00000014 1AFFFFFC        BNE              SUM         ;repeat sum, otherw
                                                            ise exit
   33 00000018         
   34 00000018         ; *** Task 3 - findChar 
   35 00000018         CHAR
   36 00000018 E3A02000        MOV              r2, #0      ;counter for offset
                                                            
   37 0000001C E3A03000        MOV              r3, #0      ;counter for DBC in
                                                            dex



ARM Macro Assembler    Page 2 


   38 00000020 E28F00C0        ADR              r0, STRING  ;read address
   39 00000024 E28F50C9        ADR              r5, LETTER
   40 00000028         
   41 00000028         LOOP
   42 00000028 E5D56000        LDRB             r6, [r5]    ;letter to find
   43 0000002C E7D04003        LDRB             r4, [r0, r3] ;grab char from DC
                                                            B string
   44 00000030 E0144004        ANDS             r4, r4, r4  ;check if value is 
                                                            null (0)
   45 00000034 0A000003        BEQ              LED         ;exit to next task
   46 00000038         
   47 00000038 E1540006        CMP              r4, r6      ;check for 'o'
   48 0000003C 02822001        ADDEQ            r2, r2, #1  ;increment if match
                                                            
   49 00000040 E2933001        ADDS             r3, r3, #1  ;increment indx
   50 00000044 1AFFFFF7        BNE              LOOP
   51 00000048         
   52 00000048         ; *** Task 4 - LEDs 
   53 00000048         LED
   54 00000048 E59F00A8        LDR              r0, =MASK1  ;initialize GPIO
   55 0000004C E59F10A8        LDR              r1, =IO0_BASE
   56 00000050 E5810000        STR              r0, [r1, #IO0PIN]
   57 00000054         
   58 00000054 E59F00A4        LDR              r0, =MASK2  ;initialize pin dir
                                                            ection
   59 00000058 E5810008        STR              r0, [r1,#IO0DIR]
   60 0000005C         
   61 0000005C         LEDoff
   62 0000005C E3A05CFF        LDR              r5, =TASK4
   63 00000060 E59F6094        LDR              r6, =IO0_BASE ;initial state, k
                                                            eep LEDs off
   64 00000064 E586500C        STR              r5, [r6,#IO0CLR]
   65 00000068 EB000007        BL               wait
   66 0000006C         
   67 0000006C         LEDon
   68 0000006C         
   69 0000006C E3A05CFF        LDR              r5, =TASK4
   70 00000070 E59F6084        LDR              r6, =IO0_BASE
   71 00000074 E5865004        STR              r5, [r6,#IO0SET]
   72 00000078 EB000003        BL               wait
   73 0000007C EBFFFFFF        BL               CHECK
   74 00000080         
   75 00000080         CHECK
   76 00000080 E25AA001        SUBS             r10, r10, #1 ;start LED loop 
   77 00000084 0A000004        BEQ              COUNT       ;exit if done 5 tim
                                                            es
   78 00000088 EAFFFFF3        B                LEDoff
   79 0000008C         wait
   80 0000008C E3A09003        LDR              r9, =DELAYVAL
   81 00000090         
   82 00000090         COUNTER
   83 00000090 E2599001        SUBS             r9, r9, #1
   84 00000094 1AFFFFFD        BNE              COUNTER
   85 00000098 E12FFF1E        BX               LR
   86 0000009C         
   87 0000009C         ; *** Task 5 - Count ones 
   88 0000009C         COUNT
   89 0000009C E3A03000        MOV              r3, #0      ;total ones (final 
                                                            result)



ARM Macro Assembler    Page 3 


   90 000000A0 E3A05000        MOV              r5, #0      ;initial address st
                                                            arts at zero (index
                                                            )
   91 000000A4 E3A0400A        MOV              r4, #10     ;inner loop 10 time
                                                            s
   92 000000A8 E24F00B0        ADR              r0, user_code ; Address of user
                                                            _code
   93 000000AC E7906005        LDR              r6, [r0, r5] ; grab first instr
                                                            uction
   94 000000B0         ;start count
   95 000000B0         
   96 000000B0         INNER
   97 000000B0 E1B060A6        LSRS             r6, r6, #1  ;shift instruction 
                                                            right
   98 000000B4 22833001        ADDCS            r3, r3, #1  ;increment only if 
                                                            carry is set
   99 000000B8 E3560000        CMP              r6, #0      ;is num equal
  100 000000BC 0A000007        BEQ              STORE       ;finished counting 
                                                            first instruction
  101 000000C0 EAFFFFFA        B                INNER
  102 000000C4         ;fetch next instruction
  103 000000C4         OUTER
  104 000000C4 E2544001        SUBS             R4, r4, #1  ;decrement loop cou
                                                            nter 
  105 000000C8 E2855004        ADD              R5, R5, #4  ;offset index - fet
                                                            ch next instruction
                                                            
  106 000000CC E3540000        CMP              R4, #0      ;is loop done?
  107 000000D0 0A000003        BEQ              EXIT
  108 000000D4 E3A03000        MOV              r3, #0
  109 000000D8 E7906005        LDR              r6, [r0, r5]
  110 000000DC EAFFFFF3        B                INNER
  111 000000E0         
  112 000000E0         STORE                                ;STORE INTO DCD
  113 000000E0         ;LDR r7, =RESULT
  114 000000E0         ;LDR r7, R3
  115 000000E0 EAFFFFF7        B                OUTER
  116 000000E4         
  117 000000E4         EXIT
  118 000000E4         
  119 000000E4 EAFFFFFE 
                       stop    B                stop
  120 000000E8         
  121 000000E8 48 65 6C 
              6C 6F 20 
              57 6F 72 
              6C 64 21 
              00       STRING  DCB              "Hello World!", 0 
                                                            ;string to read
  122 000000F5 6F 00   LETTER  DCB              "o", 0      ;char to find
  123 000000F7 00              ALIGN
  124 000000F8         
  125 000000F8 FFFF0000 
              E0028000 
              0000FFFF         AREA             mydata, DATA, READWRITE
  126 00000000 00000000 
                       RESULT  DCD              0
  127 00000004 00 00 00 
              00 00 00 



ARM Macro Assembler    Page 4 


              00 00 00 
              00       SIZE    SPACE            10
  128 0000000E 00 00           ALIGN
  129 00000010         
  130 00000010         
  131 00000010                 END
Command Line: --debug --xref --diag_suppress=9931 --apcs=interwork --depend=.\o
bjects\lab7.d -o.\objects\lab7.o -IC:\Keil_v5\ARM\RV31\INC -IC:\Keil_v5\ARM\CMS
IS\Include -IC:\Keil_v5\ARM\INC\Philips --predefine="__EVAL SETA 1" --predefine
="__UVISION_VERSION SETA 524" --list=.\listings\lab7.lst lab7.s



ARM Macro Assembler    Page 1 Alphabetic symbol ordering
Relocatable symbols

CHAR 00000018

Symbol: CHAR
   Definitions
      At line 35 in file lab7.s
   Uses
      None
Comment: CHAR unused
CHECK 00000080

Symbol: CHECK
   Definitions
      At line 75 in file lab7.s
   Uses
      At line 73 in file lab7.s
Comment: CHECK used once
COUNT 0000009C

Symbol: COUNT
   Definitions
      At line 88 in file lab7.s
   Uses
      At line 77 in file lab7.s
Comment: COUNT used once
COUNTER 00000090

Symbol: COUNTER
   Definitions
      At line 82 in file lab7.s
   Uses
      At line 84 in file lab7.s
Comment: COUNTER used once
EXIT 000000E4

Symbol: EXIT
   Definitions
      At line 117 in file lab7.s
   Uses
      At line 107 in file lab7.s
Comment: EXIT used once
INNER 000000B0

Symbol: INNER
   Definitions
      At line 96 in file lab7.s
   Uses
      At line 101 in file lab7.s
      At line 110 in file lab7.s

LED 00000048

Symbol: LED
   Definitions
      At line 53 in file lab7.s
   Uses
      At line 45 in file lab7.s
Comment: LED used once
LEDoff 0000005C




ARM Macro Assembler    Page 2 Alphabetic symbol ordering
Relocatable symbols

Symbol: LEDoff
   Definitions
      At line 61 in file lab7.s
   Uses
      At line 78 in file lab7.s
Comment: LEDoff used once
LEDon 0000006C

Symbol: LEDon
   Definitions
      At line 67 in file lab7.s
   Uses
      None
Comment: LEDon unused
LETTER 000000F5

Symbol: LETTER
   Definitions
      At line 122 in file lab7.s
   Uses
      At line 39 in file lab7.s
Comment: LETTER used once
LOOP 00000028

Symbol: LOOP
   Definitions
      At line 41 in file lab7.s
   Uses
      At line 50 in file lab7.s
Comment: LOOP used once
OUTER 000000C4

Symbol: OUTER
   Definitions
      At line 103 in file lab7.s
   Uses
      At line 115 in file lab7.s
Comment: OUTER used once
STORE 000000E0

Symbol: STORE
   Definitions
      At line 112 in file lab7.s
   Uses
      At line 100 in file lab7.s
Comment: STORE used once
STRING 000000E8

Symbol: STRING
   Definitions
      At line 121 in file lab7.s
   Uses
      At line 38 in file lab7.s
Comment: STRING used once
SUM 0000000C

Symbol: SUM
   Definitions
      At line 29 in file lab7.s



ARM Macro Assembler    Page 3 Alphabetic symbol ordering
Relocatable symbols

   Uses
      At line 32 in file lab7.s
Comment: SUM used once
mycode 00000000

Symbol: mycode
   Definitions
      At line 15 in file lab7.s
   Uses
      None
Comment: mycode unused
stop 000000E4

Symbol: stop
   Definitions
      At line 119 in file lab7.s
   Uses
      At line 119 in file lab7.s
Comment: stop used once
user_code 00000000

Symbol: user_code
   Definitions
      At line 17 in file lab7.s
   Uses
      At line 14 in file lab7.s
      At line 92 in file lab7.s

wait 0000008C

Symbol: wait
   Definitions
      At line 79 in file lab7.s
   Uses
      At line 65 in file lab7.s
      At line 72 in file lab7.s

19 symbols



ARM Macro Assembler    Page 1 Alphabetic symbol ordering
Relocatable symbols

RESULT 00000000

Symbol: RESULT
   Definitions
      At line 126 in file lab7.s
   Uses
      None
Comment: RESULT unused
SIZE 00000004

Symbol: SIZE
   Definitions
      At line 127 in file lab7.s
   Uses
      None
Comment: SIZE unused
mydata 00000000

Symbol: mydata
   Definitions
      At line 125 in file lab7.s
   Uses
      None
Comment: mydata unused
3 symbols



ARM Macro Assembler    Page 1 Alphabetic symbol ordering
Absolute symbols

DELAYVAL 00000003

Symbol: DELAYVAL
   Definitions
      At line 9 in file lab7.s
   Uses
      At line 80 in file lab7.s
Comment: DELAYVAL used once
IO0CLR 0000000C

Symbol: IO0CLR
   Definitions
      At line 8 in file lab7.s
   Uses
      At line 64 in file lab7.s
Comment: IO0CLR used once
IO0DIR 00000008

Symbol: IO0DIR
   Definitions
      At line 6 in file lab7.s
   Uses
      At line 59 in file lab7.s
Comment: IO0DIR used once
IO0PIN 00000000

Symbol: IO0PIN
   Definitions
      At line 5 in file lab7.s
   Uses
      At line 56 in file lab7.s
Comment: IO0PIN used once
IO0SET 00000004

Symbol: IO0SET
   Definitions
      At line 7 in file lab7.s
   Uses
      At line 71 in file lab7.s
Comment: IO0SET used once
IO0_BASE E0028000

Symbol: IO0_BASE
   Definitions
      At line 4 in file lab7.s
   Uses
      At line 55 in file lab7.s
      At line 63 in file lab7.s
      At line 70 in file lab7.s

MASK1 FFFF0000

Symbol: MASK1
   Definitions
      At line 10 in file lab7.s
   Uses
      At line 54 in file lab7.s
Comment: MASK1 used once
MASK2 0000FFFF



ARM Macro Assembler    Page 2 Alphabetic symbol ordering
Absolute symbols


Symbol: MASK2
   Definitions
      At line 11 in file lab7.s
   Uses
      At line 58 in file lab7.s
Comment: MASK2 used once
TASK4 0000FF00

Symbol: TASK4
   Definitions
      At line 12 in file lab7.s
   Uses
      At line 62 in file lab7.s
      At line 69 in file lab7.s

char 0000006F

Symbol: char
   Definitions
      At line 2 in file lab7.s
   Uses
      None
Comment: char unused
num 00000004

Symbol: num
   Definitions
      At line 1 in file lab7.s
   Uses
      At line 20 in file lab7.s
Comment: num used once
11 symbols
367 symbols in table
