


ARM Macro Assembler    Page 1 


    1 00000000         ;-------------------------------------------------------
                       ------
    2 00000000         ;GPIO addressfor Port0
    3 00000000 E002C000 
                       PINSEL0 EQU              0xE002C000
    4 00000000 E002C004 
                       PINSEL1 EQU              0xE002C004
    5 00000000         
    6 00000000         ;Pin direction address for Port0
    7 00000000 E0028008 
                       IO0DIR  EQU              0xE0028008
    8 00000000 E0028018 
                       IO1DIR  EQU              0xE0028018
    9 00000000         
   10 00000000         ;Masks for GPIO & pin direction
   11 00000000 03000000 
                       P0GPIO  EQU              0x03000000
   12 00000000 00000C00 
                       P1GPIO  EQU              0x00000C00
   13 00000000         
   14 00000000         ;-------------------------------------------------------
                       ------
   15 00000000         
   16 00000000                 GLOBAL           user_code
   17 00000000         
   18 00000000                 AREA             mycode,CODE,READONLY
   19 00000000                 ENTRY
   20 00000000         
   21 00000000         user_code
   22 00000000         
   23 00000000         ;set pin 12 & 21 to gpio
   24 00000000 E3A02403        LDR              r2, =P0GPIO ;set P0.12
   25 00000004 E59F305C        LDR              r3, =0x201000
   26 00000008 EB000002        BL               LED_pins    ;Pass GPIO  to subr
                                                            outine
   27 0000000C         
   28 0000000C E3A04B03        LDR              r4, =P1GPIO ;set P1.21 
   29 00000010 EB000000        BL               LED_pins    ;Pass GPIO to subro
                                                            utine
   30 00000014         
   31 00000014 EA000012        B                DONE
   32 00000018         ;-------------------------------------------------------
                       ------- 
   33 00000018         LED_pins
   34 00000018         
   35 00000018         ;**Stack stuff
   36 00000018 E92D5FFF        STMFD            SP!, {r0 - r12, LR} 
                                                            ;preserve registers
                                                            
   37 0000001C E10F1000        MRS              r1, CPSR    ;preserve status re
                                                            gister
   38 00000020 E92D0002        STMFD            SP!, {r1}
   39 00000024         
   40 00000024         ;------
   41 00000024         ;PORT0
   42 00000024         ;------
   43 00000024         ;Set GPIO for Port0
   44 00000024 E59F0040        LDR              r0, =PINSEL0 
                                                            ;read pins of Port0



ARM Macro Assembler    Page 2 


                                                            
   45 00000028 E5901000        LDR              r1, [r0]
   46 0000002C E1C11002        BIC              r1, r1, r2
   47 00000030 E5801000        STR              r1, [r0]
   48 00000034         
   49 00000034         ;Set pin direction for pins
   50 00000034 E59F0034        LDR              r0, =IO0DIR
   51 00000038 E5901000        LDR              r1, [r0]
   52 0000003C E0011003        AND              r1, r1, r3  ;clear pins
   53 00000040 E1811003        ORR              r1, r1, r3  ;set pins
   54 00000044 E5801000        STR              r1, [r0]
   55 00000048         
   56 00000048         ;------
   57 00000048         ;PORT1
   58 00000048         ;------
   59 00000048         ;Set GPIO for Port0
   60 00000048 E59F0024        LDR              r0, =PINSEL1 
                                                            ;read pins of Port0
                                                            
   61 0000004C E5901000        LDR              r1, [r0]
   62 00000050 E1C11004        BIC              r1, r1, r4
   63 00000054 E5801000        STR              r1, [r0]
   64 00000058         
   65 00000058         ;**Stack stuff
   66 00000058 E8BD0002        LDMFD            SP!, {r1}
   67 0000005C E128F001        MSR              CPSR_f, r1  ;restore status reg
                                                            ister flags
   68 00000060 E8BD9FFF        LDMFD            SP!, {r0 - r12, PC} 
                                                            ;restore registers
   69 00000064         
   70 00000064         ;-------------------------------------------------------
                       ----------- 
   71 00000064         DONE
   72 00000064         
   73 00000064 EAFFFFFE 
                       stop    B                stop
   74 00000068         
   75 00000068                 END
              00201000 
              E002C000 
              E0028008 
              E002C004 
Command Line: --debug --xref --diag_suppress=9931 --apcs=interwork --depend=.\o
bjects\lab11.d -o.\objects\lab11.o -IC:\Keil_v5\ARM\RV31\INC -IC:\Keil_v5\ARM\C
MSIS\Include -IC:\Keil_v5\ARM\INC\Philips --predefine="__EVAL SETA 1" --predefi
ne="__UVISION_VERSION SETA 524" --list=.\listings\lab11.lst lab11.s



ARM Macro Assembler    Page 1 Alphabetic symbol ordering
Relocatable symbols

DONE 00000064

Symbol: DONE
   Definitions
      At line 71 in file lab11.s
   Uses
      At line 31 in file lab11.s
Comment: DONE used once
LED_pins 00000018

Symbol: LED_pins
   Definitions
      At line 33 in file lab11.s
   Uses
      At line 26 in file lab11.s
      At line 29 in file lab11.s

mycode 00000000

Symbol: mycode
   Definitions
      At line 18 in file lab11.s
   Uses
      None
Comment: mycode unused
stop 00000064

Symbol: stop
   Definitions
      At line 73 in file lab11.s
   Uses
      At line 73 in file lab11.s
Comment: stop used once
user_code 00000000

Symbol: user_code
   Definitions
      At line 21 in file lab11.s
   Uses
      At line 16 in file lab11.s
Comment: user_code used once
5 symbols



ARM Macro Assembler    Page 1 Alphabetic symbol ordering
Absolute symbols

IO0DIR E0028008

Symbol: IO0DIR
   Definitions
      At line 7 in file lab11.s
   Uses
      At line 50 in file lab11.s
Comment: IO0DIR used once
IO1DIR E0028018

Symbol: IO1DIR
   Definitions
      At line 8 in file lab11.s
   Uses
      None
Comment: IO1DIR unused
P0GPIO 03000000

Symbol: P0GPIO
   Definitions
      At line 11 in file lab11.s
   Uses
      At line 24 in file lab11.s
Comment: P0GPIO used once
P1GPIO 00000C00

Symbol: P1GPIO
   Definitions
      At line 12 in file lab11.s
   Uses
      At line 28 in file lab11.s
Comment: P1GPIO used once
PINSEL0 E002C000

Symbol: PINSEL0
   Definitions
      At line 3 in file lab11.s
   Uses
      At line 44 in file lab11.s
Comment: PINSEL0 used once
PINSEL1 E002C004

Symbol: PINSEL1
   Definitions
      At line 4 in file lab11.s
   Uses
      At line 60 in file lab11.s
Comment: PINSEL1 used once
6 symbols
345 symbols in table
