


ARM Macro Assembler    Page 1 


    1 00000000         ;-------------------------------------------------------
                       -------------   
    2 00000000         ;Memory Accelerator Registers
    3 00000000 E01FC000 
                       MAMCR   EQU              0xE01FC000
    4 00000000 E01FC004 
                       MAMTIM  EQU              0xE01FC004
    5 00000000         
    6 00000000         ;Mode bits
    7 00000000 00000010 
                       MODE_USR
                               EQU              0x10        ;User mode
    8 00000000 00000011 
                       MODE_FIQ
                               EQU              0x11        ;FIQ mode
    9 00000000 00000012 
                       MODE_IRQ
                               EQU              0x12        ;IRQ mode
   10 00000000 00000013 
                       MODE_SVC
                               EQU              0x13        ;Supervisor mode
   11 00000000 00000017 
                       MODE_ABT
                               EQU              0x17        ;Abort mode
   12 00000000 0000001B 
                       MODE_UND
                               EQU              0x1B        ;Undefined mode
   13 00000000 0000001F 
                       MODE_SYS
                               EQU              0x1F        ;System mode
   14 00000000         
   15 00000000         ;Interrupt Bits
   16 00000000 00000080 
                       I_Bit   EQU              0x80        ;when I bit set, IR
                                                            Q disabled
   17 00000000 00000040 
                       F_Bit   EQU              0x40        ;when F bit set, FI
                                                            Q disabled
   18 00000000         
   19 00000000         ;Define Stack Size 
   20 00000000 00000100 
                       USR_Stack_Size
                               EQU              0x100       ;maybe setup fixed 
                                                            stack size to call?
                                                            
   21 00000000 00000100 
                       FIQ_Stack_Size
                               EQU              0x100
   22 00000000 00000100 
                       IRQ_Stack_Size
                               EQU              0x100
   23 00000000 00000100 
                       SVC_Stack_Size
                               EQU              0x100
   24 00000000 00000100 
                       ABT_Stack_Size
                               EQU              0x100
   25 00000000 00000100 
                       UND_Stack_Size



ARM Macro Assembler    Page 2 


                               EQU              0x100
   26 00000000 00000100 
                       SYS_Stack_Size
                               EQU              0x100
   27 00000000         
   28 00000000 40000700 
                       Stack_Top
                               EQU              SRAM_BASE + USR_Stack_Size + SY
S_Stack_Size + UND_Stack_Size + ABT_Stack_Size + IRQ_Stack_Size + FIQ_Stack_Siz
e + SVC_Stack_Size
   29 00000000 40000000 
                       SRAM_BASE
                               EQU              0x40000000  ;default base value
                                                            
   30 00000000         
   31 00000000         ;-------------------------------------------------------
                       -----------------------
   32 00000000         
   33 00000000         ;VIC Stuff
   34 00000000 FFFFF00C 
                       VICIntSelect
                               EQU              0xFFFFF00C
   35 00000000 FFFFF010 
                       VICIntEnable
                               EQU              0xFFFFF010
   36 00000000 FFFFF014 
                       VICIntEnClear
                               EQU              0xFFFFF014
   37 00000000         
   38 00000000 E0004000 
                       TIMER0_IR
                               EQU              0xE0004000
   39 00000000         
   40 00000000         ;masks for VIC
   41 00000000 00000010 
                       TIMER0  EQU              0x10
   42 00000000         
   43 00000000         ;Pin config stuff
   44 00000000 E002C000 
                       PINSEL0 EQU              0xE002C000
   45 00000000 E002C004 
                       PINSEL1 EQU              0xE002C004
   46 00000000         
   47 00000000         ;modify pins
   48 00000000 E0028004 
                       IO0SET  EQU              0xE0028004
   49 00000000 E002800C 
                       IO0CLR  EQU              0xE002800C
   50 00000000         
   51 00000000 E0028014 
                       IO1SET  EQU              0xE0028014
   52 00000000 E002801C 
                       IO1CLR  EQU              0xE002801C
   53 00000000         
   54 00000000         ;-------------------------------------------------------
                       -----
   55 00000000         
   56 00000000         
   57 00000000         ;***



ARM Macro Assembler    Page 3 


   58 00000000         ;PCLK -> CTCR & TCR -> TXMCR & TC(?) -> MCR -> IR
   59 00000000         ;***
   60 00000000         
   61 00000000         
   62 00000000         ;Prescaler Addresses (PCLK)
   63 00000000 E000400C 
                       T0PR    EQU              0xE000400C
   64 00000000 E000800C 
                       T1PR    EQU              0xE000800C
   65 00000000         
   66 00000000         ;Timer/Counter Mode Addresses (CTCR)
   67 00000000 E0004070 
                       T0CTCR  EQU              0xE0004070
   68 00000000 E0004070 
                       T1CTCR  EQU              0xE0004070
   69 00000000         
   70 00000000         ;Timer Control  Addresses (TCR)
   71 00000000 E0004004 
                       T0TCR   EQU              0xE0004004
   72 00000000 E0008004 
                       T1TCR   EQU              0xE0008004
   73 00000000         
   74 00000000         ;Match register Addresses for TIMER0 (T0MRX)
   75 00000000 E0004018 
                       T0MR0   EQU              0xE0004018
   76 00000000 E000401C 
                       T0MR1   EQU              0xE000401C
   77 00000000 E0004020 
                       T0MR2   EQU              0xE0004020
   78 00000000 E0004024 
                       T0MR3   EQU              0xE0004024
   79 00000000         
   80 00000000         ;Match register Addresses for TIMER1 (T1MRX)
   81 00000000 E0008018 
                       T1MR0   EQU              0xE0008018
   82 00000000 E000801C 
                       T1MR1   EQU              0xE000801C
   83 00000000 E0008020 
                       T1MR2   EQU              0xE0008020
   84 00000000 E0008024 
                       T1MR3   EQU              0xE0008024
   85 00000000         
   86 00000000         ;Match control register Addresses (MCR)
   87 00000000 E0004014 
                       T0MCR   EQU              0xE0004014
   88 00000000 E0008014 
                       T1MCR   EQU              0xE0008014
   89 00000000         
   90 00000000         ;External Match register Addresses (EMR)
   91 00000000 E000403C 
                       T0EMR   EQU              0xE000403C
   92 00000000 E000803C 
                       T1EMR   EQU              0xE000803C
   93 00000000         
   94 00000000         ;Match values 
   95 00000000 00009D08 
                       MATCH0  EQU              40200
   96 00000000 00013A10 
                       MATCH1  EQU              80400



ARM Macro Assembler    Page 4 


   97 00000000 0001D718 
                       MATCH2  EQU              120600
   98 00000000 00027420 
                       MATCH3  EQU              160800
   99 00000000         
  100 00000000         ;Interrupt Mask for Match registers
  101 00000000 00000649 
                       MATCH_IR
                               EQU              0x649       ;(011001001001)
  102 00000000         
  103 00000000         
  104 00000000         ;-------------------------------------------------------
                       ------
  105 00000000         
  106 00000000                 IMPORT           user_code
  107 00000000         
  108 00000000         
  109 00000000                 AREA             RESET,CODE,READONLY
  110 00000000                 ENTRY
  111 00000000                 ARM
  112 00000000         
  113 00000000         VECTORS
  114 00000000 E59FF018        LDR              PC,Reset_Addr
  115 00000004 E59FF018        LDR              PC,Undef_Addr
  116 00000008 E59FF018        LDR              PC,SWI_Addr
  117 0000000C E59FF018        LDR              PC,PAbt_Addr
  118 00000010 E59FF018        LDR              PC,DAbt_Addr
  119 00000014 E1A00000        NOP
  120 00000018 E59FF018        LDR              PC,IRQ_Addr
  121 0000001C E59FF018        LDR              PC,FIQ_Addr
  122 00000020         
  123 00000020 00000000 
                       Reset_Addr
                               DCD              Reset_Handler
  124 00000024 00000000 
                       Undef_Addr
                               DCD              UndefHandler
  125 00000028 00000000 
                       SWI_Addr
                               DCD              SWIHandler  ;SWI interrupt
  126 0000002C 00000000 
                       PAbt_Addr
                               DCD              PAbtHandler
  127 00000030 00000000 
                       DAbt_Addr
                               DCD              DAbtHandler
  128 00000034 00000000        DCD              0
  129 00000038 00000000 
                       IRQ_Addr
                               DCD              IRQHandler
  130 0000003C 00000000 
                       FIQ_Addr
                               DCD              FIQHandler
  131 00000040         
  132 00000040 EAFFFFFE 
                       SWIHandler
                               B                SWIHandler
  133 00000044 EAFFFFFE 
                       PAbtHandler



ARM Macro Assembler    Page 5 


                               B                PAbtHandler
  134 00000048 EAFFFFFE 
                       DAbtHandler
                               B                DAbtHandler
  135 0000004C EA000053 
                       IRQHandler
                               B                ISR_SUB     ;IRQ interrupt
  136 00000050 EAFFFFFE 
                       FIQHandler
                               B                FIQHandler
  137 00000054 EAFFFFFE 
                       UndefHandler
                               B                UndefHandler
  138 00000058         
  139 00000058         ;-----------------------------------------------------
  140 00000058         ;Initialize MAM to run at one clock cycle instead of sev
                       en. Then, branch to main code. 
  141 00000058         Reset_Handler
  142 00000058         
  143 00000058 E59F11CC        LDR              r1,=MAMCR
  144 0000005C E3A00000        MOV              R0, #0x0
  145 00000060 E5810000        STR              R0, [R1]
  146 00000064 E59F21C4        LDR              R2,=MAMTIM
  147 00000068 E3A00001        MOV              R0,#0x1
  148 0000006C E5820000        STR              R0,[R2]
  149 00000070 E3A00002        MOV              R0,#0x2
  150 00000074 E5810000        STR              R0,[R1]
  151 00000078         
  152 00000078         ;-------------------------------------------------------
                       ---
  153 00000078         
  154 00000078         TIMER
  155 00000078         
  156 00000078         ;***
  157 00000078         ;PCLK -> CTCR & TCR -> TXMCR -> MCR -> IR
  158 00000078         ;***
  159 00000078         
  160 00000078         ;deal with CTCR
  161 00000078 E59F01B4        LDR              r0, =T0CTCR
  162 0000007C E3A01000        MOV              r1, #0
  163 00000080 E5801000        STR              r1, [r0]
  164 00000084         
  165 00000084         ;deal with prescaler PCLK 
  166 00000084 E59F01AC        LDR              r0, =T0PR
  167 00000088 E3A01000        MOV              r1, #0
  168 0000008C E5801000        STR              r1, [r0]    ;remove prescaler (
                                                            PR = 0)
  169 00000090         
  170 00000090         ;deal with TCR (timer control register)
  171 00000090 E59F01A4        LDR              r0, =T0TCR
  172 00000094 E5901000        LDR              r1, [r0]
  173 00000098         
  174 00000098 E3A02000        MOV              r2, #0      ;handle reserved bi
                                                            ts
  175 0000009C E3A03011        MOV              r3, #0x11   ;enable bit zero fo
                                                            r counter enable an
                                                            d holds reset
  176 000000A0         
  177 000000A0 E0011002        AND              r1, r1, r2  ;clear all



ARM Macro Assembler    Page 6 


  178 000000A4 E1811003        ORR              r1, r1, r3  ;set bits 0 and 1 
  179 000000A8 E5801000        STR              r1, [r0]
  180 000000AC         
  181 000000AC         
  182 000000AC         ;deal with MCR (match value registers)
  183 000000AC         
  184 000000AC         ;match 0 
  185 000000AC E59F018C        LDR              r0, =T0MR0
  186 000000B0 E59F218C        LDR              r2, =MATCH0
  187 000000B4 E5802000        STR              r2, [r0]
  188 000000B8         
  189 000000B8         ;match 1 
  190 000000B8 E59F0188        LDR              r0, =T0MR1
  191 000000BC E59F2188        LDR              r2, =MATCH1
  192 000000C0 E5802000        STR              r2, [r0]
  193 000000C4         
  194 000000C4         ;match 2 
  195 000000C4 E59F0184        LDR              r0, =T0MR2
  196 000000C8 E59F2184        LDR              r2, =MATCH2
  197 000000CC E5802000        STR              r2, [r0]
  198 000000D0         
  199 000000D0         ;match 3 
  200 000000D0 E59F0180        LDR              r0, =T0MR3
  201 000000D4 E59F2180        LDR              r2, =MATCH3
  202 000000D8 E5802000        STR              r2, [r0]
  203 000000DC         
  204 000000DC         ;handle T0MCR
  205 000000DC E59F017C        LDR              r0, =T0MCR
  206 000000E0 E5901000        LDR              r1, [r0]
  207 000000E4 E3A02000        MOV              r2, #0
  208 000000E8 E59F3174        LDR              r3, =MATCH_IR
  209 000000EC         
  210 000000EC E0011002        AND              r1, r1, r2
  211 000000F0 E1811003        ORR              r1, r1, r3
  212 000000F4 E5801000        STR              r1, [r0]
  213 000000F8         
  214 000000F8         ;Let go of reset; start count
  215 000000F8         
  216 000000F8         ;deal with TCR (timer control register)
  217 000000F8 E59F013C        LDR              r0, =T0TCR
  218 000000FC E5901000        LDR              r1, [r0]
  219 00000100         
  220 00000100 E3A03002        MOV              r3, #0x2    ;set reset value to
                                                             0 to start clock
  221 00000104 E1C11003        BIC              r1, r1, r3
  222 00000108 E5801000        STR              r1, [r0]
  223 0000010C         
  224 0000010C         ;-------------------------------------------------------
                       ---
  225 0000010C         VIC_Setup
  226 0000010C         
  227 0000010C         ;int enable
  228 0000010C E59F0154        LDR              r0, =VICIntEnable
  229 00000110 E5901000        LDR              r1, [r0]
  230 00000114         
  231 00000114         ;Set EINT0 to 1
  232 00000114 E3A02010        LDR              r2, =TIMER0
  233 00000118 E1811002        ORR              r1, r1, r2
  234 0000011C E5801000        STR              r1, [r0]



ARM Macro Assembler    Page 7 


  235 00000120         
  236 00000120         ;Select type fo interrupt
  237 00000120 E59F0144        LDR              r0, =VICIntSelect
  238 00000124 E5901000        LDR              r1, [r0]
  239 00000128         
  240 00000128         ;Set EINT0 TO IRQ
  241 00000128 E3A02010        LDR              r2, =TIMER0
  242 0000012C E1C11002        BIC              r1, r1, r2
  243 00000130 E5801000        STR              r1, [r0]
  244 00000134         
  245 00000134         ;Silence external interrupt request
  246 00000134 E59F0134        LDR              r0, =TIMER0_IR
  247 00000138         ;LDR r2, =VICIntEnClear
  248 00000138 E3A0200F        LDR              r2,=0xF
  249 0000013C E5802000        STR              r2, [r0]
  250 00000140         ;STR r1, [r2]
  251 00000140         
  252 00000140         ;-----------------------------------------------------
  253 00000140         
  254 00000140         ;Go through each mode and set up the stack: FULL DESCEND
                       ING
  255 00000140         Stack_Setup
  256 00000140         
  257 00000140         ;SVC mode
  258 00000140 E59F012C        LDR              r0, =SRAM_BASE + SVC_Stack_Size
  259 00000144 E321F0D3        MSR              CPSR_c, #MODE_SVC + I_Bit + F_B
it
  260 00000148 E1A0D000        MOV              sp, r0
  261 0000014C         
  262 0000014C         ;FRQ mode
  263 0000014C E59F0124        LDR              r0, =SRAM_BASE + FIQ_Stack_Size
 + SVC_Stack_Size
  264 00000150 E321F0D1        MSR              CPSR_c, #MODE_FIQ + I_Bit + F_B
it
  265 00000154 E1A0D000        MOV              sp, r0
  266 00000158         
  267 00000158         ;IRQ mode
  268 00000158 E59F011C        LDR              r0, =SRAM_BASE + IRQ_Stack_Size
 + FIQ_Stack_Size + SVC_Stack_Size
  269 0000015C E321F0D2        MSR              CPSR_c, #MODE_IRQ + I_Bit + F_B
it
  270 00000160 E1A0D000        MOV              sp, r0
  271 00000164         
  272 00000164         ;Abort mode
  273 00000164 E59F0114        LDR              r0, =SRAM_BASE + ABT_Stack_Size
 + IRQ_Stack_Size + FIQ_Stack_Size + SVC_Stack_Size
  274 00000168 E321F0D7        MSR              CPSR_c, #MODE_ABT+ I_Bit + F_Bi
t
  275 0000016C E1A0D000        MOV              sp, r0
  276 00000170         
  277 00000170         ;Undefined mode
  278 00000170 E59F010C        LDR              r0, =SRAM_BASE + UND_Stack_Size
 + ABT_Stack_Size + IRQ_Stack_Size + FIQ_Stack_Size + SVC_Stack_Size
  279 00000174 E321F0DB        MSR              CPSR_c, #MODE_UND + I_Bit + F_B
it
  280 00000178 E1A0D000        MOV              sp, r0
  281 0000017C         
  282 0000017C         ;System mode
  283 0000017C E59F0104        LDR              r0, =SRAM_BASE + SYS_Stack_Size



ARM Macro Assembler    Page 8 


 + UND_Stack_Size + ABT_Stack_Size + IRQ_Stack_Size + FIQ_Stack_Size + SVC_Stac
k_Size
  284 00000180 E321F0DF        MSR              CPSR_c, #MODE_SYS + I_Bit + F_B
it
  285 00000184 E1A0D000        MOV              sp, r0
  286 00000188         
  287 00000188         
  288 00000188         ;User mode:
  289 00000188         ;Set the stack for user mode
  290 00000188 E59F00FC        LDR              r0, =SRAM_BASE + USR_Stack_Size
 + SYS_Stack_Size + UND_Stack_Size + ABT_Stack_Size + IRQ_Stack_Size + FIQ_Stac
k_Size + SVC_Stack_Size
  291 0000018C         
  292 0000018C         ;Enable interrupts
  293 0000018C E3A0E010        MOV              r14, #MODE_USR
  294 00000190 E3CEE0C0        BIC              r14, r14, #(I_Bit + F_Bit)
  295 00000194 E121F00E        MSR              CPSR_c, r14
  296 00000198         
  297 00000198         ;leave startup in usercode with interrupts enabled
  298 00000198 E59FD0EC        LDR              sp, =Stack_Top
  299 0000019C         
  300 0000019C EAFFFFFE        B                user_code
  301 000001A0         
  302 000001A0         ;-----------------------------------------------------
  303 000001A0         
  304 000001A0         ;ISR subroutine
  305 000001A0         ISR_SUB
  306 000001A0         
  307 000001A0 E24EE004        SUB              LR, LR, #4
  308 000001A4         
  309 000001A4         ;**Stack stuff
  310 000001A4 E92D5FFF        STMFD            SP!, {r0 - r12, LR} 
                                                            ;preserve registers
                                                            
  311 000001A8         
  312 000001A8         ;look at T0IR
  313 000001A8 E59F20C0        LDR              r2, =TIMER0_IR
  314 000001AC E5920000        LDR              r0, [r2]
  315 000001B0 E3A0100F        MOV              r1, #0xF
  316 000001B4 E0000001        AND              r0, r0, r1  ;Anding XXXX XXXX w
                                                            e get either 0001,0
                                                            010,0100,1000
  317 000001B8         
  318 000001B8         ;For Match 0
  319 000001B8 E3A01001        MOV              r1, #0x1
  320 000001BC E1500001        CMP              r0, r1
  321 000001C0         
  322 000001C0         ;p0.12 to high
  323 000001C0 059F30CC        LDREQ            r3, =IO0SET
  324 000001C4 03A01A01        LDREQ            r1, =0x1000
  325 000001C8 05831000        STREQ            r1, [r3]
  326 000001CC         
  327 000001CC 05921000        LDREQ            r1, [r2]    ;silence intr
  328 000001D0 05821000        STREQ            r1, [r2]
  329 000001D4         
  330 000001D4         ;For Match 1
  331 000001D4 E3A01002        MOV              r1, #0x2
  332 000001D8 E1500001        CMP              r0, r1
  333 000001DC         



ARM Macro Assembler    Page 9 


  334 000001DC         ;p1.21 to high
  335 000001DC 059F30B0        LDREQ            r3, =IO0SET
  336 000001E0 03A01602        LDREQ            r1, =0x200000
  337 000001E4 05831000        STREQ            r1, [r3]
  338 000001E8         
  339 000001E8 05921000        LDREQ            r1, [r2]    ;silence intr
  340 000001EC 05821000        STREQ            r1, [r2]
  341 000001F0         
  342 000001F0         
  343 000001F0         ;For Match 2
  344 000001F0 E3A01004        MOV              r1, #0x4
  345 000001F4 E1500001        CMP              r0, r1
  346 000001F8         
  347 000001F8         ;p0.12 to low
  348 000001F8 059F3098        LDREQ            r3, =IO0CLR
  349 000001FC 03A01A01        LDREQ            r1, =0x1000
  350 00000200 05831000        STREQ            r1, [r3]
  351 00000204         
  352 00000204 05921000        LDREQ            r1, [r2]    ;silence intr
  353 00000208 05821000        STREQ            r1, [r2]
  354 0000020C         
  355 0000020C         ;For Match 3
  356 0000020C E3A01008        MOV              r1, #0x8
  357 00000210 E1500001        CMP              r0, r1
  358 00000214         
  359 00000214         ;p1.21 to low
  360 00000214 059F307C        LDREQ            r3, =IO0CLR
  361 00000218 03A01602        LDREQ            r1, =0x200000
  362 0000021C 05831000        STREQ            r1, [r3]
  363 00000220         
  364 00000220 05921000        LDREQ            r1, [r2]    ;silence intr
  365 00000224 05821000        STREQ            r1, [r2]
  366 00000228         
  367 00000228         
  368 00000228         ;Stack stuff
  369 00000228 E8FD9FFF        LDMFD            SP!, {r0-r12, PC}^
  370 0000022C         
  371 0000022C         ;-----------------------------------------------------
  372 0000022C         
  373 0000022C         
  374 0000022C                 END
              E01FC000 
              E01FC004 
              E0004070 
              E000400C 
              E0004004 
              E0004018 
              00009D08 
              E000401C 
              00013A10 
              E0004020 
              0001D718 
              E0004024 
              00027420 
              E0004014 
              00000649 
              FFFFF010 
              FFFFF00C 
              E0004000 



ARM Macro Assembler    Page 10 


              40000100 
              40000200 
              40000300 
              40000400 
              40000500 
              40000600 
              40000700 
              00000000 
              E0028004 
              E002800C 
Command Line: --debug --xref --diag_suppress=9931 --apcs=interwork --depend=.\o
bjects\mystartup.d -o.\objects\mystartup.o -IC:\Keil_v5\ARM\RV31\INC -IC:\Keil_
v5\ARM\CMSIS\Include -IC:\Keil_v5\ARM\INC\Philips --predefine="__EVAL SETA 1" -
-predefine="__UVISION_VERSION SETA 524" --list=.\listings\mystartup.lst mystart
up.s



ARM Macro Assembler    Page 1 Alphabetic symbol ordering
Relocatable symbols

DAbtHandler 00000048

Symbol: DAbtHandler
   Definitions
      At line 134 in file mystartup.s
   Uses
      At line 127 in file mystartup.s
      At line 134 in file mystartup.s

DAbt_Addr 00000030

Symbol: DAbt_Addr
   Definitions
      At line 127 in file mystartup.s
   Uses
      At line 118 in file mystartup.s
Comment: DAbt_Addr used once
FIQHandler 00000050

Symbol: FIQHandler
   Definitions
      At line 136 in file mystartup.s
   Uses
      At line 130 in file mystartup.s
      At line 136 in file mystartup.s

FIQ_Addr 0000003C

Symbol: FIQ_Addr
   Definitions
      At line 130 in file mystartup.s
   Uses
      At line 121 in file mystartup.s
Comment: FIQ_Addr used once
IRQHandler 0000004C

Symbol: IRQHandler
   Definitions
      At line 135 in file mystartup.s
   Uses
      At line 129 in file mystartup.s
Comment: IRQHandler used once
IRQ_Addr 00000038

Symbol: IRQ_Addr
   Definitions
      At line 129 in file mystartup.s
   Uses
      At line 120 in file mystartup.s
Comment: IRQ_Addr used once
ISR_SUB 000001A0

Symbol: ISR_SUB
   Definitions
      At line 305 in file mystartup.s
   Uses
      At line 135 in file mystartup.s
Comment: ISR_SUB used once
PAbtHandler 00000044



ARM Macro Assembler    Page 2 Alphabetic symbol ordering
Relocatable symbols


Symbol: PAbtHandler
   Definitions
      At line 133 in file mystartup.s
   Uses
      At line 126 in file mystartup.s
      At line 133 in file mystartup.s

PAbt_Addr 0000002C

Symbol: PAbt_Addr
   Definitions
      At line 126 in file mystartup.s
   Uses
      At line 117 in file mystartup.s
Comment: PAbt_Addr used once
RESET 00000000

Symbol: RESET
   Definitions
      At line 109 in file mystartup.s
   Uses
      None
Comment: RESET unused
Reset_Addr 00000020

Symbol: Reset_Addr
   Definitions
      At line 123 in file mystartup.s
   Uses
      At line 114 in file mystartup.s
Comment: Reset_Addr used once
Reset_Handler 00000058

Symbol: Reset_Handler
   Definitions
      At line 141 in file mystartup.s
   Uses
      At line 123 in file mystartup.s
Comment: Reset_Handler used once
SWIHandler 00000040

Symbol: SWIHandler
   Definitions
      At line 132 in file mystartup.s
   Uses
      At line 125 in file mystartup.s
      At line 132 in file mystartup.s

SWI_Addr 00000028

Symbol: SWI_Addr
   Definitions
      At line 125 in file mystartup.s
   Uses
      At line 116 in file mystartup.s
Comment: SWI_Addr used once
Stack_Setup 00000140




ARM Macro Assembler    Page 3 Alphabetic symbol ordering
Relocatable symbols

Symbol: Stack_Setup
   Definitions
      At line 255 in file mystartup.s
   Uses
      None
Comment: Stack_Setup unused
TIMER 00000078

Symbol: TIMER
   Definitions
      At line 154 in file mystartup.s
   Uses
      None
Comment: TIMER unused
UndefHandler 00000054

Symbol: UndefHandler
   Definitions
      At line 137 in file mystartup.s
   Uses
      At line 124 in file mystartup.s
      At line 137 in file mystartup.s

Undef_Addr 00000024

Symbol: Undef_Addr
   Definitions
      At line 124 in file mystartup.s
   Uses
      At line 115 in file mystartup.s
Comment: Undef_Addr used once
VECTORS 00000000

Symbol: VECTORS
   Definitions
      At line 113 in file mystartup.s
   Uses
      None
Comment: VECTORS unused
VIC_Setup 0000010C

Symbol: VIC_Setup
   Definitions
      At line 225 in file mystartup.s
   Uses
      None
Comment: VIC_Setup unused
20 symbols



ARM Macro Assembler    Page 1 Alphabetic symbol ordering
Absolute symbols

ABT_Stack_Size 00000100

Symbol: ABT_Stack_Size
   Definitions
      At line 24 in file mystartup.s
   Uses
      At line 28 in file mystartup.s
      At line 273 in file mystartup.s
      At line 278 in file mystartup.s
      At line 283 in file mystartup.s
      At line 290 in file mystartup.s

FIQ_Stack_Size 00000100

Symbol: FIQ_Stack_Size
   Definitions
      At line 21 in file mystartup.s
   Uses
      At line 28 in file mystartup.s
      At line 263 in file mystartup.s
      At line 268 in file mystartup.s
      At line 273 in file mystartup.s
      At line 278 in file mystartup.s
      At line 283 in file mystartup.s
      At line 290 in file mystartup.s

F_Bit 00000040

Symbol: F_Bit
   Definitions
      At line 17 in file mystartup.s
   Uses
      At line 259 in file mystartup.s
      At line 264 in file mystartup.s
      At line 269 in file mystartup.s
      At line 274 in file mystartup.s
      At line 279 in file mystartup.s
      At line 284 in file mystartup.s
      At line 294 in file mystartup.s

IO0CLR E002800C

Symbol: IO0CLR
   Definitions
      At line 49 in file mystartup.s
   Uses
      At line 348 in file mystartup.s
      At line 360 in file mystartup.s

IO0SET E0028004

Symbol: IO0SET
   Definitions
      At line 48 in file mystartup.s
   Uses
      At line 323 in file mystartup.s
      At line 335 in file mystartup.s

IO1CLR E002801C



ARM Macro Assembler    Page 2 Alphabetic symbol ordering
Absolute symbols


Symbol: IO1CLR
   Definitions
      At line 52 in file mystartup.s
   Uses
      None
Comment: IO1CLR unused
IO1SET E0028014

Symbol: IO1SET
   Definitions
      At line 51 in file mystartup.s
   Uses
      None
Comment: IO1SET unused
IRQ_Stack_Size 00000100

Symbol: IRQ_Stack_Size
   Definitions
      At line 22 in file mystartup.s
   Uses
      At line 28 in file mystartup.s
      At line 268 in file mystartup.s
      At line 273 in file mystartup.s
      At line 278 in file mystartup.s
      At line 283 in file mystartup.s
      At line 290 in file mystartup.s

I_Bit 00000080

Symbol: I_Bit
   Definitions
      At line 16 in file mystartup.s
   Uses
      At line 259 in file mystartup.s
      At line 264 in file mystartup.s
      At line 269 in file mystartup.s
      At line 274 in file mystartup.s
      At line 279 in file mystartup.s
      At line 284 in file mystartup.s
      At line 294 in file mystartup.s

MAMCR E01FC000

Symbol: MAMCR
   Definitions
      At line 3 in file mystartup.s
   Uses
      At line 143 in file mystartup.s
Comment: MAMCR used once
MAMTIM E01FC004

Symbol: MAMTIM
   Definitions
      At line 4 in file mystartup.s
   Uses
      At line 146 in file mystartup.s
Comment: MAMTIM used once
MATCH0 00009D08



ARM Macro Assembler    Page 3 Alphabetic symbol ordering
Absolute symbols


Symbol: MATCH0
   Definitions
      At line 95 in file mystartup.s
   Uses
      At line 186 in file mystartup.s
Comment: MATCH0 used once
MATCH1 00013A10

Symbol: MATCH1
   Definitions
      At line 96 in file mystartup.s
   Uses
      At line 191 in file mystartup.s
Comment: MATCH1 used once
MATCH2 0001D718

Symbol: MATCH2
   Definitions
      At line 97 in file mystartup.s
   Uses
      At line 196 in file mystartup.s
Comment: MATCH2 used once
MATCH3 00027420

Symbol: MATCH3
   Definitions
      At line 98 in file mystartup.s
   Uses
      At line 201 in file mystartup.s
Comment: MATCH3 used once
MATCH_IR 00000649

Symbol: MATCH_IR
   Definitions
      At line 101 in file mystartup.s
   Uses
      At line 208 in file mystartup.s
Comment: MATCH_IR used once
MODE_ABT 00000017

Symbol: MODE_ABT
   Definitions
      At line 11 in file mystartup.s
   Uses
      At line 274 in file mystartup.s
Comment: MODE_ABT used once
MODE_FIQ 00000011

Symbol: MODE_FIQ
   Definitions
      At line 8 in file mystartup.s
   Uses
      At line 264 in file mystartup.s
Comment: MODE_FIQ used once
MODE_IRQ 00000012

Symbol: MODE_IRQ
   Definitions



ARM Macro Assembler    Page 4 Alphabetic symbol ordering
Absolute symbols

      At line 9 in file mystartup.s
   Uses
      At line 269 in file mystartup.s
Comment: MODE_IRQ used once
MODE_SVC 00000013

Symbol: MODE_SVC
   Definitions
      At line 10 in file mystartup.s
   Uses
      At line 259 in file mystartup.s
Comment: MODE_SVC used once
MODE_SYS 0000001F

Symbol: MODE_SYS
   Definitions
      At line 13 in file mystartup.s
   Uses
      At line 284 in file mystartup.s
Comment: MODE_SYS used once
MODE_UND 0000001B

Symbol: MODE_UND
   Definitions
      At line 12 in file mystartup.s
   Uses
      At line 279 in file mystartup.s
Comment: MODE_UND used once
MODE_USR 00000010

Symbol: MODE_USR
   Definitions
      At line 7 in file mystartup.s
   Uses
      At line 293 in file mystartup.s
Comment: MODE_USR used once
PINSEL0 E002C000

Symbol: PINSEL0
   Definitions
      At line 44 in file mystartup.s
   Uses
      None
Comment: PINSEL0 unused
PINSEL1 E002C004

Symbol: PINSEL1
   Definitions
      At line 45 in file mystartup.s
   Uses
      None
Comment: PINSEL1 unused
SRAM_BASE 40000000

Symbol: SRAM_BASE
   Definitions
      At line 29 in file mystartup.s
   Uses
      At line 28 in file mystartup.s



ARM Macro Assembler    Page 5 Alphabetic symbol ordering
Absolute symbols

      At line 258 in file mystartup.s
      At line 263 in file mystartup.s
      At line 268 in file mystartup.s
      At line 273 in file mystartup.s
      At line 278 in file mystartup.s
      At line 283 in file mystartup.s
      At line 290 in file mystartup.s

SVC_Stack_Size 00000100

Symbol: SVC_Stack_Size
   Definitions
      At line 23 in file mystartup.s
   Uses
      At line 28 in file mystartup.s
      At line 258 in file mystartup.s
      At line 263 in file mystartup.s
      At line 268 in file mystartup.s
      At line 273 in file mystartup.s
      At line 278 in file mystartup.s
      At line 283 in file mystartup.s
      At line 290 in file mystartup.s

SYS_Stack_Size 00000100

Symbol: SYS_Stack_Size
   Definitions
      At line 26 in file mystartup.s
   Uses
      At line 28 in file mystartup.s
      At line 283 in file mystartup.s
      At line 290 in file mystartup.s

Stack_Top 40000700

Symbol: Stack_Top
   Definitions
      At line 28 in file mystartup.s
   Uses
      At line 298 in file mystartup.s
Comment: Stack_Top used once
T0CTCR E0004070

Symbol: T0CTCR
   Definitions
      At line 67 in file mystartup.s
   Uses
      At line 161 in file mystartup.s
Comment: T0CTCR used once
T0EMR E000403C

Symbol: T0EMR
   Definitions
      At line 91 in file mystartup.s
   Uses
      None
Comment: T0EMR unused
T0MCR E0004014




ARM Macro Assembler    Page 6 Alphabetic symbol ordering
Absolute symbols

Symbol: T0MCR
   Definitions
      At line 87 in file mystartup.s
   Uses
      At line 205 in file mystartup.s
Comment: T0MCR used once
T0MR0 E0004018

Symbol: T0MR0
   Definitions
      At line 75 in file mystartup.s
   Uses
      At line 185 in file mystartup.s
Comment: T0MR0 used once
T0MR1 E000401C

Symbol: T0MR1
   Definitions
      At line 76 in file mystartup.s
   Uses
      At line 190 in file mystartup.s
Comment: T0MR1 used once
T0MR2 E0004020

Symbol: T0MR2
   Definitions
      At line 77 in file mystartup.s
   Uses
      At line 195 in file mystartup.s
Comment: T0MR2 used once
T0MR3 E0004024

Symbol: T0MR3
   Definitions
      At line 78 in file mystartup.s
   Uses
      At line 200 in file mystartup.s
Comment: T0MR3 used once
T0PR E000400C

Symbol: T0PR
   Definitions
      At line 63 in file mystartup.s
   Uses
      At line 166 in file mystartup.s
Comment: T0PR used once
T0TCR E0004004

Symbol: T0TCR
   Definitions
      At line 71 in file mystartup.s
   Uses
      At line 171 in file mystartup.s
      At line 217 in file mystartup.s

T1CTCR E0004070

Symbol: T1CTCR
   Definitions



ARM Macro Assembler    Page 7 Alphabetic symbol ordering
Absolute symbols

      At line 68 in file mystartup.s
   Uses
      None
Comment: T1CTCR unused
T1EMR E000803C

Symbol: T1EMR
   Definitions
      At line 92 in file mystartup.s
   Uses
      None
Comment: T1EMR unused
T1MCR E0008014

Symbol: T1MCR
   Definitions
      At line 88 in file mystartup.s
   Uses
      None
Comment: T1MCR unused
T1MR0 E0008018

Symbol: T1MR0
   Definitions
      At line 81 in file mystartup.s
   Uses
      None
Comment: T1MR0 unused
T1MR1 E000801C

Symbol: T1MR1
   Definitions
      At line 82 in file mystartup.s
   Uses
      None
Comment: T1MR1 unused
T1MR2 E0008020

Symbol: T1MR2
   Definitions
      At line 83 in file mystartup.s
   Uses
      None
Comment: T1MR2 unused
T1MR3 E0008024

Symbol: T1MR3
   Definitions
      At line 84 in file mystartup.s
   Uses
      None
Comment: T1MR3 unused
T1PR E000800C

Symbol: T1PR
   Definitions
      At line 64 in file mystartup.s
   Uses
      None



ARM Macro Assembler    Page 8 Alphabetic symbol ordering
Absolute symbols

Comment: T1PR unused
T1TCR E0008004

Symbol: T1TCR
   Definitions
      At line 72 in file mystartup.s
   Uses
      None
Comment: T1TCR unused
TIMER0 00000010

Symbol: TIMER0
   Definitions
      At line 41 in file mystartup.s
   Uses
      At line 232 in file mystartup.s
      At line 241 in file mystartup.s

TIMER0_IR E0004000

Symbol: TIMER0_IR
   Definitions
      At line 38 in file mystartup.s
   Uses
      At line 246 in file mystartup.s
      At line 313 in file mystartup.s

UND_Stack_Size 00000100

Symbol: UND_Stack_Size
   Definitions
      At line 25 in file mystartup.s
   Uses
      At line 28 in file mystartup.s
      At line 278 in file mystartup.s
      At line 283 in file mystartup.s
      At line 290 in file mystartup.s

USR_Stack_Size 00000100

Symbol: USR_Stack_Size
   Definitions
      At line 20 in file mystartup.s
   Uses
      At line 28 in file mystartup.s
      At line 290 in file mystartup.s

VICIntEnClear FFFFF014

Symbol: VICIntEnClear
   Definitions
      At line 36 in file mystartup.s
   Uses
      None
Comment: VICIntEnClear unused
VICIntEnable FFFFF010

Symbol: VICIntEnable
   Definitions



ARM Macro Assembler    Page 9 Alphabetic symbol ordering
Absolute symbols

      At line 35 in file mystartup.s
   Uses
      At line 228 in file mystartup.s
Comment: VICIntEnable used once
VICIntSelect FFFFF00C

Symbol: VICIntSelect
   Definitions
      At line 34 in file mystartup.s
   Uses
      At line 237 in file mystartup.s
Comment: VICIntSelect used once
54 symbols



ARM Macro Assembler    Page 1 Alphabetic symbol ordering
External symbols

user_code 00000000

Symbol: user_code
   Definitions
      At line 106 in file mystartup.s
   Uses
      At line 300 in file mystartup.s
Comment: user_code used once
1 symbol
409 symbols in table
