


ARM Macro Assembler    Page 1 


    1 00000000         ;-------------------------------------------------------
                       ---------
    2 00000000         ;GPIO address and masks for Port0
    3 00000000 E002C000 
                       PINSEL0 EQU              0xE002C000
    4 00000000 FFFF0000 
                       PINSEL0GPIO
                               EQU              0xFFFF0000  ;pin configuration 
                                                            for Task1 
    5 00000000         
    6 00000000         
    7 00000000         ;Pin direction address and masks for Port0
    8 00000000 E0028008 
                       IO0DIR  EQU              0xE0028008
    9 00000000 0000FF00 
                       IO0DIROUT
                               EQU              0x0000FF00  ;pin direction for 
                                                            Task1 
   10 00000000         
   11 00000000 000000FF 
                       PINSEL0GPIO_END
                               EQU              0xFF
   12 00000000 FFFF00FF 
                       IO0DIROUT_END
                               EQU              0xFFFF00FF
   13 00000000         
   14 00000000         ;Set / clear pins for each task
   15 00000000 E0028004 
                       IO0SET  EQU              0xE0028004
   16 00000000 E002800C 
                       IO0CLR  EQU              0xE002800C
   17 00000000         ;-------------------------------------------------------
                       --------
   18 00000000         
   19 00000000                 GLOBAL           LEDs
   20 00000000         
   21 00000000                 IMPORT           LED_delay
   22 00000000                 IMPORT           ISR_SUB
   23 00000000         
   24 00000000                 AREA             mycode,CODE,READONLY
   25 00000000         
   26 00000000         
   27 00000000         ;This task will turn on all eight LEDs using P0.08 - P0.
                       15
   28 00000000         LEDs
   29 00000000         
   30 00000000         ;**Stack stuff
   31 00000000 E92D5FFF        STMFD            SP!, {r0 - r12, LR} 
                                                            ;preserve registers
                                                            
   32 00000004 E10F0000        MRS              r0, CPSR    ;preserve status re
                                                            gister
   33 00000008 E92D0001        STMFD            SP!, {r0}
   34 0000000C         
   35 0000000C E59F2084        LDR              r2, =PINSEL0GPIO ;set P0.08 - P
                                                            0.15 to GPIO 
   36 00000010 E3A03CFF        LDR              r3, =IO0DIROUT ;set P0.08 - P0.
                                                            15 to output
   37 00000014 EB000003        BL               LED_pins    ;Pass GPIO and pin 



ARM Macro Assembler    Page 2 


                                                            direction masks to 
                                                            subroutine
   38 00000018         
   39 00000018 EB000011        BL               LED_ON      ;Complete Task 1
   40 0000001C         
   41 0000001C         
   42 0000001C         ;**Stack stuff
   43 0000001C E8BD0001        LDMFD            SP!, {r0}
   44 00000020 E128F000        MSR              CPSR_f, r0  ;restore status reg
                                                            ister flags
   45 00000024 E8BD9FFF        LDMFD            SP!, {r0 - r12, PC} 
                                                            ;restore registers
   46 00000028         
   47 00000028         ;-------------------------------------------------------
                       -----;
   48 00000028         ;This subroutine will initialize pins based on masks pro
                       vided;
   49 00000028         ;-------------------------------------------------------
                       -----;
   50 00000028         
   51 00000028         LED_pins
   52 00000028         
   53 00000028         ;**Stack stuff
   54 00000028 E92D5FFF        STMFD            SP!, {r0 - r12, LR} 
                                                            ;preserve registers
                                                            
   55 0000002C E10F1000        MRS              r1, CPSR    ;preserve status re
                                                            gister
   56 00000030 E92D0002        STMFD            SP!, {r1}
   57 00000034         
   58 00000034         ;Set GPIO for Port0
   59 00000034 E59F0060        LDR              r0, =PINSEL0 
                                                            ;read pins of Port0
                                                            
   60 00000038 E5901000        LDR              r1, [r0]
   61 0000003C E1C11002        BIC              r1, r1, r2
   62 00000040 E5801000        STR              r1, [r0]
   63 00000044         
   64 00000044         ;Set pin direction for pins
   65 00000044 E59F0054        LDR              r0, =IO0DIR
   66 00000048 E5901000        LDR              r1, [r0]
   67 0000004C E0011003        AND              r1, r1, r3  ;clear pins
   68 00000050 E1811003        ORR              r1, r1, r3  ;set pins
   69 00000054 E5801000        STR              r1, [r0]
   70 00000058         
   71 00000058         ;**Stack stuff
   72 00000058 E8BD0002        LDMFD            SP!, {r1}
   73 0000005C E128F001        MSR              CPSR_f, r1  ;restore status reg
                                                            ister flags
   74 00000060 E8BD9FFF        LDMFD            SP!, {r0 - r12, PC} 
                                                            ;restore registers
   75 00000064         
   76 00000064         ;-------------------------------------------------------
                       --------------;
   77 00000064         ;Task 1                  ;
   78 00000064         ;-------------------------------------------------------
                       --------------;
   79 00000064         
   80 00000064         LED_ON



ARM Macro Assembler    Page 3 


   81 00000064         
   82 00000064         ;**Stack stuff
   83 00000064 E92D5FFF        STMFD            SP!, {r0 - r12, LR} 
                                                            ;preserve registers
                                                            
   84 00000068 E10F0000        MRS              r0, CPSR    ;preserve status re
                                                            gister
   85 0000006C E92D0002        STMFD            SP!, {r1}
   86 00000070         
   87 00000070 E59F202C        LDR              r2, =IO0CLR ;addresses for LED 
                                                            pins  
   88 00000074 E59F302C        LDR              r3, =IO0SET
   89 00000078         
   90 00000078         ;Turn on LEDs
   91 00000078 E5824000        STR              r4, [r2]
   92 0000007C         
   93 0000007C EBFFFFFE        BL               LED_delay
   94 00000080         
   95 00000080         ;Turn off LEDs
   96 00000080 E5834000        STR              r4, [r3]
   97 00000084         
   98 00000084 EBFFFFFE        BL               LED_delay
   99 00000088         
  100 00000088         ;**Stack stuff
  101 00000088 E8BD0001        LDMFD            SP!, {r0}
  102 0000008C E128F000        MSR              CPSR_f, r0  ;restore status reg
                                                            ister flags
  103 00000090 E8BD9FFF        LDMFD            SP!, {r0 - r12, PC} 
                                                            ;restore registers
  104 00000094         
  105 00000094 EAFFFFFE 
                       stop    B                stop
  106 00000098         
  107 00000098                 END
              FFFF0000 
              E002C000 
              E0028008 
              E002800C 
              E0028004 
Command Line: --debug --xref --diag_suppress=9931 --apcs=interwork --depend=.\o
bjects\lab8.d -o.\objects\lab8.o -IC:\Keil_v5\ARM\RV31\INC -IC:\Keil_v5\ARM\CMS
IS\Include -IC:\Keil_v5\ARM\INC\Philips --predefine="__EVAL SETA 1" --predefine
="__UVISION_VERSION SETA 524" --list=.\listings\lab8.lst lab8.s



ARM Macro Assembler    Page 1 Alphabetic symbol ordering
Relocatable symbols

LED_ON 00000064

Symbol: LED_ON
   Definitions
      At line 80 in file lab8.s
   Uses
      At line 39 in file lab8.s
Comment: LED_ON used once
LED_pins 00000028

Symbol: LED_pins
   Definitions
      At line 51 in file lab8.s
   Uses
      At line 37 in file lab8.s
Comment: LED_pins used once
LEDs 00000000

Symbol: LEDs
   Definitions
      At line 28 in file lab8.s
   Uses
      At line 19 in file lab8.s
Comment: LEDs used once
mycode 00000000

Symbol: mycode
   Definitions
      At line 24 in file lab8.s
   Uses
      None
Comment: mycode unused
stop 00000094

Symbol: stop
   Definitions
      At line 105 in file lab8.s
   Uses
      At line 105 in file lab8.s
Comment: stop used once
5 symbols



ARM Macro Assembler    Page 1 Alphabetic symbol ordering
Absolute symbols

IO0CLR E002800C

Symbol: IO0CLR
   Definitions
      At line 16 in file lab8.s
   Uses
      At line 87 in file lab8.s
Comment: IO0CLR used once
IO0DIR E0028008

Symbol: IO0DIR
   Definitions
      At line 8 in file lab8.s
   Uses
      At line 65 in file lab8.s
Comment: IO0DIR used once
IO0DIROUT 0000FF00

Symbol: IO0DIROUT
   Definitions
      At line 9 in file lab8.s
   Uses
      At line 36 in file lab8.s
Comment: IO0DIROUT used once
IO0DIROUT_END FFFF00FF

Symbol: IO0DIROUT_END
   Definitions
      At line 12 in file lab8.s
   Uses
      None
Comment: IO0DIROUT_END unused
IO0SET E0028004

Symbol: IO0SET
   Definitions
      At line 15 in file lab8.s
   Uses
      At line 88 in file lab8.s
Comment: IO0SET used once
PINSEL0 E002C000

Symbol: PINSEL0
   Definitions
      At line 3 in file lab8.s
   Uses
      At line 59 in file lab8.s
Comment: PINSEL0 used once
PINSEL0GPIO FFFF0000

Symbol: PINSEL0GPIO
   Definitions
      At line 4 in file lab8.s
   Uses
      At line 35 in file lab8.s
Comment: PINSEL0GPIO used once
PINSEL0GPIO_END 000000FF

Symbol: PINSEL0GPIO_END



ARM Macro Assembler    Page 2 Alphabetic symbol ordering
Absolute symbols

   Definitions
      At line 11 in file lab8.s
   Uses
      None
Comment: PINSEL0GPIO_END unused
8 symbols



ARM Macro Assembler    Page 1 Alphabetic symbol ordering
External symbols

ISR_SUB 00000000

Symbol: ISR_SUB
   Definitions
      At line 22 in file lab8.s
   Uses
      None
Comment: ISR_SUB unused
LED_delay 00000000

Symbol: LED_delay
   Definitions
      At line 21 in file lab8.s
   Uses
      At line 93 in file lab8.s
      At line 98 in file lab8.s

2 symbols
349 symbols in table
