


ARM Macro Assembler    Page 1 


    1 00000000         ;-------------------------------------------------------
                       ---------
    2 00000000         ;GPIO address and masks for Port0
    3 00000000 E002C000 
                       PINSEL0 EQU              0xE002C000  ;address for GPIO
    4 00000000 FFFF0000 
                       PINSEL0GPIO1
                               EQU              0xFFFF0000  ;pin configuration 
                                                            for Task1 
    5 00000000 00FF0000 
                       PINSEL0GPIO2
                               EQU              0x00FF0000  ;pin configuration 
                                                            for Task3
    6 00000000         
    7 00000000         ;Pin direction address and masks for Port0  
    8 00000000 0000FF00 
                       IO0DIROUT1
                               EQU              0x0000FF00  ;pin direction for 
                                                            Task 1 
    9 00000000 00000F00 
                       IO0DIROUT2
                               EQU              0x00000F00  ;pin direction for 
                                                            Task 3 
   10 00000000 0000BF00 
                       IO0DIROUT3
                               EQU              0x0000BF00  ;pin direction for 
                                                            Task 4
   11 00000000 FFFFBFFF 
                       IO0DIROUT4
                               EQU              0xFFFFBFFF  ;pin direction for 
                                                            Task 4
   12 00000000 E0028008 
                       IO0DIR  EQU              0xE0028008  ;address for pin di
                                                            rection
   13 00000000         
   14 00000000         ;Set / clear pins for each task
   15 00000000 E0028004 
                       IO0SET  EQU              0xE0028004  ;Address to set pin
                                                            s 
   16 00000000 E002800C 
                       IO0CLR  EQU              0xE002800C  ;Address to clear p
                                                            ins
   17 00000000 E0028000 
                       IO0PIN  EQU              0xE0028000  ;Check pin data for
                                                             Task 3
   18 00000000         
   19 00000000         ;Task 1 Masks
   20 00000000 00000100 
                       LED_ON1 EQU              0x00000100  ;start at pin 8
   21 00000000 0000FEFF 
                       LED_OFF1
                               EQU              0x0000FEFF  ;negative mask for 
                                                            pin 8
   22 00000000         
   23 00000000         ;Task 3 - 4 Masks
   24 00000000 00000F00 
                       TASK3_PINS
                               EQU              0x00000F00  ;Task 3 - turn on/o
                                                            ff 4 LEDs 



ARM Macro Assembler    Page 2 


   25 00000000 0000FF00 
                       TASK4_PINS
                               EQU              0x0000FF00  ;Task 4 - turn on/o
                                                            ff 8 LEDs
   26 00000000         ;-------------------------------------------------------
                       --------
   27 00000000         
   28 00000000                 IMPORT           delay
   29 00000000                 GLOBAL           user_code
   30 00000000                 AREA             mycode,CODE,READONLY
   31 00000000         
   32 00000000         ;-------------------------------------------------------
                       --------------;
   33 00000000         ;Main program that calls subroutines to complete each ta
                       sk      ;
   34 00000000         ;-------------------------------------------------------
                       --------------;
   35 00000000         
   36 00000000         user_code
   37 00000000         
   38 00000000         ;Branch to execute a specific task. 
   39 00000000 EA000007        B                TASK4
   40 00000004         
   41 00000004         ;This task will produce a running LEDs using P0.08 - P0.
                       15
   42 00000004         TASK1
   43 00000004         
   44 00000004 E59F21F8        LDR              r2, =PINSEL0GPIO1 ;set P0.08 - 
                                                            P0.15 to GPIO 
   45 00000008 E3A03CFF        LDR              r3, =IO0DIROUT1 ;set P0.08 - P0
                                                            .15 to output for L
                                                            EDs
   46 0000000C EB000042        BL               LED_pins    ;Pass GPIO and pin 
                                                            direction masks to 
                                                            subroutine 
   47 00000010 EA000007        B                LED_running ;Complete Task 1
   48 00000014         
   49 00000014         ;This task will use a switch toggle to light up pins P0.
                       08 - P.11
   50 00000014         TASK3
   51 00000014         
   52 00000014         
   53 00000014 E3A028FF        LDR              r2, =PINSEL0GPIO2 ;set P0.08 - 
                                                            P0.11 and P0.14 to 
                                                            GPIO 
   54 00000018 E3A03C0F        LDR              r3, =IO0DIROUT2 ;set P0.08 - P0
                                                            .11 to output and P
                                                            0.14 to input
   55 0000001C EB00003E        BL               LED_pins    ;Pass GPIO and pin 
                                                            direction masks to 
                                                            subroutine
   56 00000020 EA000019        B                LED_button1 ;Complete Task 3
   57 00000024         
   58 00000024         ;This task will use a switch toggle to light up pins P0.
                       08 - P.15
   59 00000024         TASK4
   60 00000024         
   61 00000024 E59F21D8        LDR              r2, =PINSEL0GPIO1 ;set P0.08 - 
                                                            P0.15 to GPIO



ARM Macro Assembler    Page 3 


   62 00000028 E3A03CBF        LDR              r3, =IO0DIROUT3 ;set P0.08 - P0
                                                            .15 to output and P
                                                            0.14 to input
   63 0000002C EB00003A        BL               LED_pins    ;Pass GPIO and pin 
                                                            direction masks to 
                                                            subroutine
   64 00000030 EA00001C        B                LED_button2 ;Complete Task 4
   65 00000034         
   66 00000034         
   67 00000034         
   68 00000034         ;-------------------------------------------------------
                       --------------;
   69 00000034         ;Task 1                  ;
   70 00000034         ;-------------------------------------------------------
                       --------------;
   71 00000034         
   72 00000034         LED_running
   73 00000034         
   74 00000034         ;Initialization for Task 1
   75 00000034 E59F01CC        LDR              r0, =LED_OFF1 
                                                            ;masks for LED pins
                                                            
   76 00000038 E3A01C01        LDR              r1, =LED_ON1
   77 0000003C E59F21C8        LDR              r2, =IO0CLR
   78 00000040 E59F31C8        LDR              r3, =IO0SET
   79 00000044         
   80 00000044         ;Initialize counters for running LED
   81 00000044 E3A04008        LDR              r4, =0x8    ;loop for mask posi
                                                            tion
   82 00000048 E3A05001        LDR              r5, =0x1    ;execute task 1 two
                                                             times
   83 0000004C         
   84 0000004C         LED_START
   85 0000004C         
   86 0000004C         ;Turn off LEDs based on mask
   87 0000004C E5830000        STR              r0, [r3]
   88 00000050         
   89 00000050         ;Turn on LEDs based on mask
   90 00000050 E5821000        STR              r1, [r2]
   91 00000054         
   92 00000054         ;Call a delay before running to next LED 
   93 00000054 EBFFFFFE        BL               delay
   94 00000058         
   95 00000058                 PRESERVE8
   96 00000058         
   97 00000058         LED_NEXT
   98 00000058         
   99 00000058         ;Check if P0.15 is reached
  100 00000058 E2544001        SUBS             r4, r4, #1
  101 0000005C E3540000        CMP              r4, #0
  102 00000060         
  103 00000060         ;If true, update masks to use P0.08
  104 00000060 01A003E0        ROREQ            r0, r0, #7  ;clear mask 
  105 00000064 01A013E1        ROREQ            r1, r1, #7  ;set mask
  106 00000068 0A000002        BEQ              LED_CHECK   ;check # of executi
                                                            ons
  107 0000006C         
  108 0000006C         ;If false, update masks to use next pin 
  109 0000006C E1A00080        LSL              r0, r0, #1  ;clear mask  



ARM Macro Assembler    Page 4 


  110 00000070 E1A01081        LSL              r1, r1, #1  ;set mask
  111 00000074 EAFFFFF4        B                LED_START   ;repeat process unt
                                                            il execution comple
                                                            te
  112 00000078         
  113 00000078         LED_CHECK
  114 00000078         
  115 00000078         ;check # of executions
  116 00000078 E3550000        CMP              r5, #0      ;check if 2 executi
                                                            ons have occured
  117 0000007C 0AFFFFFE        BEQ              user_code   ;Exit Task 1 if tru
                                                            e
  118 00000080 12455001        SUBNE            r5, r5, #1  ;update # of execut
                                                            ions 
  119 00000084 E3A04008        LDR              r4, =0x8    ;reinitialize mask 
                                                            position
  120 00000088 EAFFFFEF        B                LED_START   ;one execution comp
                                                            leted
  121 0000008C         
  122 0000008C         ;-------------------------------------------------------
                       --------------;
  123 0000008C         ;Task 3                  ;
  124 0000008C         ;-------------------------------------------------------
                       --------------;
  125 0000008C         
  126 0000008C         LED_button1
  127 0000008C         
  128 0000008C         ;Initialization for Task 3
  129 0000008C E3A00C0F        LDR              r0, =TASK3_PINS ;Mask for LEDs 
                                                            on/off
  130 00000090 E59F2174        LDR              r2, =IO0CLR ;clearing pins 
  131 00000094 E59F3174        LDR              r3, =IO0SET ;setting pins
  132 00000098         
  133 00000098         LED_OFF
  134 00000098         
  135 00000098         ;Turn off LEDs
  136 00000098 E5830000        STR              r0, [r3]
  137 0000009C EB00002D        BL               TASK3_ISPRESSED
  138 000000A0         
  139 000000A0         LED_ON
  140 000000A0         
  141 000000A0         ;Turn on LEDs
  142 000000A0 E5820000        STR              r0, [r2]
  143 000000A4 EB00002B        BL               TASK3_ISPRESSED
  144 000000A8         
  145 000000A8         ;-------------------------------------------------------
                       --------------;
  146 000000A8         ;Task 4                  ;
  147 000000A8         ;-------------------------------------------------------
                       --------------;
  148 000000A8         
  149 000000A8         LED_button2
  150 000000A8         
  151 000000A8         ;Initial start, turn off LEDs.
  152 000000A8         LED_OFF2
  153 000000A8         
  154 000000A8         ;Initial State: set GPIO and pin direction 
  155 000000A8 E59F2154        LDR              r2, =PINSEL0GPIO1 ;Set P0.08 - 
                                                            P0.15 to GPIO 



ARM Macro Assembler    Page 5 


  156 000000AC E3A03CFF        LDR              r3, =IO0DIROUT1 ;Set P0.08 - P0
                                                            .15 to output direc
                                                            tion  
  157 000000B0 EB000019        BL               LED_pins
  158 000000B4         
  159 000000B4         ;Initialization for initial state 
  160 000000B4 E3A00CFF        LDR              r0, =TASK4_PINS ;Mask for LEDs 
                                                            on/off
  161 000000B8 E59F214C        LDR              r2, =IO0CLR ;clearing pins 
  162 000000BC E59F314C        LDR              r3, =IO0SET ;setting pins
  163 000000C0         
  164 000000C0         ;Turn off all LEDs
  165 000000C0 E5830000        STR              r0, [r3]
  166 000000C4         
  167 000000C4         ;Next State: set GPIO and pin direction 
  168 000000C4 E59F2138        LDR              r2, =PINSEL0GPIO1 ;Set P0.08 - 
                                                            P0.15 to GPIO 
  169 000000C8 E3E03901        LDR              r3, =IO0DIROUT4 ;set P0.08 - P0
                                                            .15 to output and P
                                                            0.14 to input
  170 000000CC EB000012        BL               LED_pins
  171 000000D0         
  172 000000D0         ;Check P0.14 is pressed
  173 000000D0 EB000035        BL               TASK4_ISPRESSED
  174 000000D4         
  175 000000D4         ;Button has been pressed, turn on LEDs.
  176 000000D4         LED_ON2
  177 000000D4         
  178 000000D4         ;Next State: set GPIO and pin direction
  179 000000D4 E59F2128        LDR              r2, =PINSEL0GPIO1 ;Set P0.08 - 
                                                            P0.15 to GPIO 
  180 000000D8 E3A03CFF        LDR              r3, =IO0DIROUT1 ;set P0.08 - P0
                                                            .15 to output and P
                                                            0.14 to Output
  181 000000DC EB00000E        BL               LED_pins
  182 000000E0         
  183 000000E0         ;Initialization for next state
  184 000000E0 E3A00CFF        LDR              r0, =TASK4_PINS
  185 000000E4 E59F2120        LDR              r2, =IO0CLR ;clearing pins 
  186 000000E8 E59F3120        LDR              r3, =IO0SET ;setting pins
  187 000000EC         
  188 000000EC         ;Turn on all LEDs 
  189 000000EC E5820000        STR              r0, [r2]
  190 000000F0         
  191 000000F0         ;Call a delay before checking if button press.
  192 000000F0 EBFFFFFE        BL               delay
  193 000000F4         
  194 000000F4         checkon
  195 000000F4         
  196 000000F4         ;Check State: set GPIO and pin direction
  197 000000F4 E59F2108        LDR              r2, =PINSEL0GPIO1 ;Set P0.08 - 
                                                            P0.15 to GPIO 
  198 000000F8 E3E03901        LDR              r3, =IO0DIROUT4 ;set P0.08 - P0
                                                            .15 to output and P
                                                            0.14 to input
  199 000000FC EB000006        BL               LED_pins
  200 00000100         
  201 00000100         ;Read pin data
  202 00000100 E59F410C        LDR              r4, =IO0PIN



ARM Macro Assembler    Page 6 


  203 00000104 E5945000        LDR              r5, [r4]
  204 00000108         
  205 00000108         ;Check if P0.14 is pressed
  206 00000108 E3A04901        LDR              r4, =0x4000 ;check if P0.14 is 
                                                            pressed
  207 0000010C E0056004        AND              r6, r5, r4  ;compare previous p
                                                            in data with curren
                                                            t data
  208 00000110 E1540006        CMP              r4, r6
  209 00000114 0AFFFFEE        BEQ              LED_ON2
  210 00000118         
  211 00000118         ;Check for button press
  212 00000118 EB000023        BL               TASK4_ISPRESSED
  213 0000011C         
  214 0000011C         
  215 0000011C         ;-------------------------------------------------------
                       -------;
  216 0000011C         ;This subroutine will initialize pins based on masks pro
                       vided. ;
  217 0000011C         ;r2 (GPIO) and r3 (IO0DIR) are values passed to this sub
                       routine;
  218 0000011C         ;-------------------------------------------------------
                       -------;
  219 0000011C         
  220 0000011C         
  221 0000011C         LED_pins
  222 0000011C         
  223 0000011C         ;**Stack stuff
  224 0000011C E92D5FFF        STMFD            SP!, {r0 - r12, LR} 
                                                            ;preserve registers
                                                            
  225 00000120 E10F1000        MRS              r1, CPSR    ;preserve status re
                                                            gister
  226 00000124 E92D0002        STMFD            SP!, {r1}
  227 00000128         
  228 00000128         ;Set GPIO for Port0
  229 00000128 E59F00E8        LDR              r0, =PINSEL0 
                                                            ;read pins of Port0
                                                            
  230 0000012C E5901000        LDR              r1, [r0]
  231 00000130 E1C11002        BIC              r1, r1, r2
  232 00000134 E5801000        STR              r1, [r0]
  233 00000138         
  234 00000138         ;Set pin direction for pins
  235 00000138 E59F00DC        LDR              r0, =IO0DIR
  236 0000013C E5901000        LDR              r1, [r0]
  237 00000140 E0011003        AND              r1, r1, r3  ;clear pins
  238 00000144 E1811003        ORR              r1, r1, r3  ;set pins
  239 00000148 E5801000        STR              r1, [r0]
  240 0000014C         
  241 0000014C         ;**Stack stuff
  242 0000014C E8BD0002        LDMFD            SP!, {r1}
  243 00000150 E128F001        MSR              CPSR_f, r1  ;restore status reg
                                                            ister flags
  244 00000154 E8BD9FFF        LDMFD            SP!, {r0 - r12, PC} 
                                                            ;restore registers
  245 00000158         
  246 00000158         
  247 00000158         ;-------------------------------------------------------



ARM Macro Assembler    Page 7 


                       ------------;
  248 00000158         ;This subroutine will check button presses for Task 3   
                        ;
  249 00000158         ;-------------------------------------------------------
                       ------------;
  250 00000158         
  251 00000158         TASK3_ISPRESSED
  252 00000158         
  253 00000158         CHECK
  254 00000158         ;update pin info
  255 00000158 E59F40B4        LDR              r4, =IO0PIN
  256 0000015C E5945000        LDR              r5, [r4]
  257 00000160         
  258 00000160 E3A04901        LDR              r4, =0x4000 ;check if P0.14 is 
                                                            pressed
  259 00000164 E0056004        AND              r6, r5, r4  ;compare previous p
                                                            in data with curren
                                                            t data
  260 00000168 E1540006        CMP              r4, r6
  261 0000016C         
  262 0000016C 0AFFFFF9        BEQ              CHECK       ;if true, no button
                                                             press was read
  263 00000170 EBFFFFFE        BL               delay       ;apply a delay to c
                                                            onfirm button press
                                                            
  264 00000174         
  265 00000174         ;Confirm that button is still being pressed
  266 00000174         CONFIRM_PRESSED
  267 00000174         
  268 00000174         ;update pin info
  269 00000174 E59F4098        LDR              r4, =IO0PIN
  270 00000178 E5945000        LDR              r5, [r4]
  271 0000017C         
  272 0000017C E3A04901        LDR              r4, =0x4000 ;check if P0.14 is 
                                                            pressed
  273 00000180 E0056004        AND              r6, r5, r4  ;compare previous p
                                                            in data with curren
                                                            t data
  274 00000184 E1540006        CMP              r4, r6
  275 00000188 0AFFFFF2        BEQ              CHECK       ;if true, no button
                                                             press was read
  276 0000018C EBFFFFFE        BL               delay       ;apply a delay to c
                                                            onfirm button press
                                                            
  277 00000190         
  278 00000190         STATE_CHECK
  279 00000190         
  280 00000190         ;grab current pin info
  281 00000190 E59F407C        LDR              r4, =IO0PIN
  282 00000194 E5945000        LDR              r5, [r4]
  283 00000198 E3A06CBF        LDR              r6, =0xBF00
  284 0000019C         
  285 0000019C E0055006        AND              r5, r5, r6
  286 000001A0 E1550006        CMP              r5, r6
  287 000001A4 0AFFFFBD        BEQ              LED_ON      ;if true, State 0 (
                                                            OFF -> ON) 
  288 000001A8 EAFFFFBA        B                LED_OFF     ;else, state 1  (ON
                                                             -> OFF)
  289 000001AC         



ARM Macro Assembler    Page 8 


  290 000001AC         
  291 000001AC         ;-------------------------------------------------------
                       ------------;
  292 000001AC         ;This subroutine will check button presses for Task 4   
                        ;
  293 000001AC         ;-------------------------------------------------------
                       ------------;
  294 000001AC         
  295 000001AC         TASK4_ISPRESSED
  296 000001AC         
  297 000001AC         CHECK2
  298 000001AC         ;update pin info
  299 000001AC E59F4060        LDR              r4, =IO0PIN
  300 000001B0 E5945000        LDR              r5, [r4]
  301 000001B4         
  302 000001B4 E3A04901        LDR              r4, =0x4000 ;check if P0.14 is 
                                                            pressed
  303 000001B8 E0056004        AND              r6, r5, r4  ;compare previous p
                                                            in data with curren
                                                            t data
  304 000001BC E1540006        CMP              r4, r6
  305 000001C0         
  306 000001C0 0AFFFFF9        BEQ              CHECK2      ;if true, no button
                                                             press was read
  307 000001C4 EBFFFFFE        BL               delay       ;apply a delay to c
                                                            onfirm button press
                                                            
  308 000001C8         
  309 000001C8         ;Confirm that button is still being pressed
  310 000001C8         CONFIRM_PRESSED2
  311 000001C8         
  312 000001C8         ;update pin info
  313 000001C8 E59F4044        LDR              r4, =IO0PIN
  314 000001CC E5945000        LDR              r5, [r4]
  315 000001D0         
  316 000001D0 E3A04901        LDR              r4, =0x4000 ;check if P0.14 is 
                                                            pressed
  317 000001D4 E0056004        AND              r6, r5, r4  ;compare previous p
                                                            in data with curren
                                                            t data
  318 000001D8 E1540006        CMP              r4, r6
  319 000001DC 0AFFFFF2        BEQ              CHECK2      ;if true, no button
                                                             press was read
  320 000001E0 EBFFFFFE        BL               delay       ;apply a delay to c
                                                            onfirm button press
                                                            
  321 000001E4         
  322 000001E4         STATE_CHECK2
  323 000001E4         
  324 000001E4         ;grab current pin info
  325 000001E4 E59F4028        LDR              r4, =IO0PIN
  326 000001E8 E5945000        LDR              r5, [r4]
  327 000001EC E3A06CBF        LDR              r6, =0xBF00
  328 000001F0         
  329 000001F0 E0055006        AND              r5, r5, r6
  330 000001F4 E1550006        CMP              r5, r6
  331 000001F8 0AFFFFB5        BEQ              LED_ON2     ;if true, State 0 (
                                                            OFF -> ON) 
  332 000001FC EAFFFFA9        B                LED_OFF2    ;else, state 1  (ON



ARM Macro Assembler    Page 9 


                                                             -> OFF)
  333 00000200         
  334 00000200         DONE
  335 00000200         
  336 00000200 EAFFFFFE 
                       stop    B                stop
  337 00000204         
  338 00000204                 END
              FFFF0000 
              0000FEFF 
              E002800C 
              E0028004 
              E0028000 
              E002C000 
              E0028008 
Command Line: --debug --xref --diag_suppress=9931 --apcs=interwork --depend=.\o
bjects\lab8.d -o.\objects\lab8.o -IC:\Keil_v5\ARM\RV31\INC -IC:\Keil_v5\ARM\CMS
IS\Include -IC:\Keil_v5\ARM\INC\Philips --predefine="__EVAL SETA 1" --predefine
="__UVISION_VERSION SETA 524" --list=.\listings\lab8.lst lab8.s



ARM Macro Assembler    Page 1 Alphabetic symbol ordering
Relocatable symbols

CHECK 00000158

Symbol: CHECK
   Definitions
      At line 253 in file lab8.s
   Uses
      At line 262 in file lab8.s
      At line 275 in file lab8.s

CHECK2 000001AC

Symbol: CHECK2
   Definitions
      At line 297 in file lab8.s
   Uses
      At line 306 in file lab8.s
      At line 319 in file lab8.s

CONFIRM_PRESSED 00000174

Symbol: CONFIRM_PRESSED
   Definitions
      At line 266 in file lab8.s
   Uses
      None
Comment: CONFIRM_PRESSED unused
CONFIRM_PRESSED2 000001C8

Symbol: CONFIRM_PRESSED2
   Definitions
      At line 310 in file lab8.s
   Uses
      None
Comment: CONFIRM_PRESSED2 unused
DONE 00000200

Symbol: DONE
   Definitions
      At line 334 in file lab8.s
   Uses
      None
Comment: DONE unused
LED_CHECK 00000078

Symbol: LED_CHECK
   Definitions
      At line 113 in file lab8.s
   Uses
      At line 106 in file lab8.s
Comment: LED_CHECK used once
LED_NEXT 00000058

Symbol: LED_NEXT
   Definitions
      At line 97 in file lab8.s
   Uses
      None
Comment: LED_NEXT unused
LED_OFF 00000098



ARM Macro Assembler    Page 2 Alphabetic symbol ordering
Relocatable symbols


Symbol: LED_OFF
   Definitions
      At line 133 in file lab8.s
   Uses
      At line 288 in file lab8.s
Comment: LED_OFF used once
LED_OFF2 000000A8

Symbol: LED_OFF2
   Definitions
      At line 152 in file lab8.s
   Uses
      At line 332 in file lab8.s
Comment: LED_OFF2 used once
LED_ON 000000A0

Symbol: LED_ON
   Definitions
      At line 139 in file lab8.s
   Uses
      At line 287 in file lab8.s
Comment: LED_ON used once
LED_ON2 000000D4

Symbol: LED_ON2
   Definitions
      At line 176 in file lab8.s
   Uses
      At line 209 in file lab8.s
      At line 331 in file lab8.s

LED_START 0000004C

Symbol: LED_START
   Definitions
      At line 84 in file lab8.s
   Uses
      At line 111 in file lab8.s
      At line 120 in file lab8.s

LED_button1 0000008C

Symbol: LED_button1
   Definitions
      At line 126 in file lab8.s
   Uses
      At line 56 in file lab8.s
Comment: LED_button1 used once
LED_button2 000000A8

Symbol: LED_button2
   Definitions
      At line 149 in file lab8.s
   Uses
      At line 64 in file lab8.s
Comment: LED_button2 used once
LED_pins 0000011C




ARM Macro Assembler    Page 3 Alphabetic symbol ordering
Relocatable symbols

Symbol: LED_pins
   Definitions
      At line 221 in file lab8.s
   Uses
      At line 46 in file lab8.s
      At line 55 in file lab8.s
      At line 63 in file lab8.s
      At line 157 in file lab8.s
      At line 170 in file lab8.s
      At line 181 in file lab8.s
      At line 199 in file lab8.s

LED_running 00000034

Symbol: LED_running
   Definitions
      At line 72 in file lab8.s
   Uses
      At line 47 in file lab8.s
Comment: LED_running used once
STATE_CHECK 00000190

Symbol: STATE_CHECK
   Definitions
      At line 278 in file lab8.s
   Uses
      None
Comment: STATE_CHECK unused
STATE_CHECK2 000001E4

Symbol: STATE_CHECK2
   Definitions
      At line 322 in file lab8.s
   Uses
      None
Comment: STATE_CHECK2 unused
TASK1 00000004

Symbol: TASK1
   Definitions
      At line 42 in file lab8.s
   Uses
      None
Comment: TASK1 unused
TASK3 00000014

Symbol: TASK3
   Definitions
      At line 50 in file lab8.s
   Uses
      None
Comment: TASK3 unused
TASK3_ISPRESSED 00000158

Symbol: TASK3_ISPRESSED
   Definitions
      At line 251 in file lab8.s
   Uses
      At line 137 in file lab8.s



ARM Macro Assembler    Page 4 Alphabetic symbol ordering
Relocatable symbols

      At line 143 in file lab8.s

TASK4 00000024

Symbol: TASK4
   Definitions
      At line 59 in file lab8.s
   Uses
      At line 39 in file lab8.s
Comment: TASK4 used once
TASK4_ISPRESSED 000001AC

Symbol: TASK4_ISPRESSED
   Definitions
      At line 295 in file lab8.s
   Uses
      At line 173 in file lab8.s
      At line 212 in file lab8.s

checkon 000000F4

Symbol: checkon
   Definitions
      At line 194 in file lab8.s
   Uses
      None
Comment: checkon unused
mycode 00000000

Symbol: mycode
   Definitions
      At line 30 in file lab8.s
   Uses
      None
Comment: mycode unused
stop 00000200

Symbol: stop
   Definitions
      At line 336 in file lab8.s
   Uses
      At line 336 in file lab8.s
Comment: stop used once
user_code 00000000

Symbol: user_code
   Definitions
      At line 36 in file lab8.s
   Uses
      At line 29 in file lab8.s
      At line 117 in file lab8.s

27 symbols



ARM Macro Assembler    Page 1 Alphabetic symbol ordering
Absolute symbols

IO0CLR E002800C

Symbol: IO0CLR
   Definitions
      At line 16 in file lab8.s
   Uses
      At line 77 in file lab8.s
      At line 130 in file lab8.s
      At line 161 in file lab8.s
      At line 185 in file lab8.s

IO0DIR E0028008

Symbol: IO0DIR
   Definitions
      At line 12 in file lab8.s
   Uses
      At line 235 in file lab8.s
Comment: IO0DIR used once
IO0DIROUT1 0000FF00

Symbol: IO0DIROUT1
   Definitions
      At line 8 in file lab8.s
   Uses
      At line 45 in file lab8.s
      At line 156 in file lab8.s
      At line 180 in file lab8.s

IO0DIROUT2 00000F00

Symbol: IO0DIROUT2
   Definitions
      At line 9 in file lab8.s
   Uses
      At line 54 in file lab8.s
Comment: IO0DIROUT2 used once
IO0DIROUT3 0000BF00

Symbol: IO0DIROUT3
   Definitions
      At line 10 in file lab8.s
   Uses
      At line 62 in file lab8.s
Comment: IO0DIROUT3 used once
IO0DIROUT4 FFFFBFFF

Symbol: IO0DIROUT4
   Definitions
      At line 11 in file lab8.s
   Uses
      At line 169 in file lab8.s
      At line 198 in file lab8.s

IO0PIN E0028000

Symbol: IO0PIN
   Definitions
      At line 17 in file lab8.s



ARM Macro Assembler    Page 2 Alphabetic symbol ordering
Absolute symbols

   Uses
      At line 202 in file lab8.s
      At line 255 in file lab8.s
      At line 269 in file lab8.s
      At line 281 in file lab8.s
      At line 299 in file lab8.s
      At line 313 in file lab8.s
      At line 325 in file lab8.s

IO0SET E0028004

Symbol: IO0SET
   Definitions
      At line 15 in file lab8.s
   Uses
      At line 78 in file lab8.s
      At line 131 in file lab8.s
      At line 162 in file lab8.s
      At line 186 in file lab8.s

LED_OFF1 0000FEFF

Symbol: LED_OFF1
   Definitions
      At line 21 in file lab8.s
   Uses
      At line 75 in file lab8.s
Comment: LED_OFF1 used once
LED_ON1 00000100

Symbol: LED_ON1
   Definitions
      At line 20 in file lab8.s
   Uses
      At line 76 in file lab8.s
Comment: LED_ON1 used once
PINSEL0 E002C000

Symbol: PINSEL0
   Definitions
      At line 3 in file lab8.s
   Uses
      At line 229 in file lab8.s
Comment: PINSEL0 used once
PINSEL0GPIO1 FFFF0000

Symbol: PINSEL0GPIO1
   Definitions
      At line 4 in file lab8.s
   Uses
      At line 44 in file lab8.s
      At line 61 in file lab8.s
      At line 155 in file lab8.s
      At line 168 in file lab8.s
      At line 179 in file lab8.s
      At line 197 in file lab8.s

PINSEL0GPIO2 00FF0000




ARM Macro Assembler    Page 3 Alphabetic symbol ordering
Absolute symbols

Symbol: PINSEL0GPIO2
   Definitions
      At line 5 in file lab8.s
   Uses
      At line 53 in file lab8.s
Comment: PINSEL0GPIO2 used once
TASK3_PINS 00000F00

Symbol: TASK3_PINS
   Definitions
      At line 24 in file lab8.s
   Uses
      At line 129 in file lab8.s
Comment: TASK3_PINS used once
TASK4_PINS 0000FF00

Symbol: TASK4_PINS
   Definitions
      At line 25 in file lab8.s
   Uses
      At line 160 in file lab8.s
      At line 184 in file lab8.s

15 symbols



ARM Macro Assembler    Page 1 Alphabetic symbol ordering
External symbols

delay 00000000

Symbol: delay
   Definitions
      At line 28 in file lab8.s
   Uses
      At line 93 in file lab8.s
      At line 192 in file lab8.s
      At line 263 in file lab8.s
      At line 276 in file lab8.s
      At line 307 in file lab8.s
      At line 320 in file lab8.s

1 symbol
377 symbols in table
