


ARM Macro Assembler    Page 1 


    1 00000000         ;-------------------------------------------------------
                       ---
    2 00000000 E0028000 
                       IO0_BASE
                               EQU              0xE0028000  ;base register addr
                                                            ess 
    3 00000000 00000000 
                       IO0PIN  EQU              0           ;value register
    4 00000000 00000008 
                       IO0DIR  EQU              0x8         ;pin direction regi
                                                            ster
    5 00000000 00000004 
                       IO0SET  EQU              0x4         ;set pins
    6 00000000 0000000C 
                       IO0CLR  EQU              0xC         ;clear pins
    7 00000000         ;-------------------------------------------------------
                       ---
    8 00000000 002DC6C0 
                       DELAYVAL
                               EQU              3000000     ;delay value (4 clk
                                                             cyc / 12e6 Hz)
    9 00000000         ;3000000 in hex
   10 00000000 CFFF0000 
                       MASK1   EQU              0xCFFF0000  ;mask for GPIO
   11 00000000 0000BFFF 
                       MASK2   EQU              0x0000BFFF  ;mask for pin 14
   12 00000000 00004000 
                       MASK14  EQU              0x4000      ;check 14
   13 00000000 0000BF00 
                       TASK    EQU              0xBF00      ;deal with pins 8 -
                                                             11
   14 00000000 00000F00 
                       TASK2   EQU              0x0F00      ;for open 
   15 00000000                 GLOBAL           LAB
   16 00000000                 AREA             mycode,CODE,READONLY
   17 00000000         
   18 00000000         LAB
   19 00000000         ;Set pin 14 to push, everything else to GPIO
   20 00000000 E59F0070        LDR              r0, =MASK1  ;load mask for dese
                                                            lect
   21 00000004 E59F1070        LDR              r1, =IO0_BASE ;base register
   22 00000008 E5810000        STR              r0, [r1, #IO0PIN] 
                                                            ;offset to I00PIN 
   23 0000000C         
   24 0000000C         ;SET PIN 14 TO OUTPUT
   25 0000000C E59F006C        LDR              r0, =MASK2  ;check bits
   26 00000010 E5810008        STR              r0, [r1,#IO0DIR] ;pins to outpu
                                                            t and push to input
                                                            
   27 00000014         
   28 00000014         ;Initially Pins 8,9,10,11 off
   29 00000014         
   30 00000014         ;INITIAL STATE
   31 00000014         LEDoff                               ;Turn off LEDs
   32 00000014 E3A05C0F        LDR              r5, =TASK2
   33 00000018 E59F605C        LDR              r6, =IO0_BASE
   34 0000001C E586500C        STR              r5, [r6,#IO0CLR]
   35 00000020         
   36 00000020         ;LEDs off, button up (switch open) 



ARM Macro Assembler    Page 2 


   37 00000020         STATE0
   38 00000020 E5917000        LDR              r7, [r1,#IO0PIN]
   39 00000024 E3A08901        MOV              r8, #MASK14
   40 00000028 E0079008        AND              r9,r7,r8
   41 0000002C E1190008        TST              r9,r8
   42 00000030 0AFFFFFA        BEQ              STATE0
   43 00000034 EB00000A        BL               wait
   44 00000038         
   45 00000038 EA000005        B                LEDon
   46 0000003C         
   47 0000003C         ;LEDs on, button down (switch closed)
   48 0000003C         STATE1
   49 0000003C E5917000        LDR              r7, [r1,#IO0PIN]
   50 00000040 E59F8038        LDR              r8, =MASK2
   51 00000044 E1879008        ORR              r9,r7,r8
   52 00000048 E1190008        TST              r9, r8
   53 0000004C 0AFFFFFA        BEQ              STATE1      ;If same means butt
                                                            on is not pressed
   54 00000050 EAFFFFFF        B                LEDon       ;If Pin 14 pressed,
                                                             branch LEDon
   55 00000054         
   56 00000054         ;LEDs on, button up (switch open again)
   57 00000054         STATE2
   58 00000054         
   59 00000054         ;LDR r7, [r1,#IO0PIN]
   60 00000054         ;MOV r8, #MASK14
   61 00000054         ;AND r9,r7,r8
   62 00000054         
   63 00000054         ;If Pin 14 pressed, turn on 
   64 00000054         LEDon                                ;Turn on LEDs
   65 00000054 E3A05CBF        LDR              r5, =TASK
   66 00000058 E59F601C        LDR              r6, =IO0_BASE
   67 0000005C E5865004        STR              r5, [r6,#IO0SET]
   68 00000060 E12FFF1E        BX               LR          ;Check to see if st
                                                            ill pressed 
   69 00000064         
   70 00000064         ;delay to confirm press
   71 00000064         wait                                 ;Wait for 3 seconds
                                                            
   72 00000064         
   73 00000064 E59F9018        LDR              r9, =DELAYVAL ;set counter
   74 00000068         
   75 00000068         
   76 00000068         COUNTER
   77 00000068 E2599001        SUBS             r9, r9, #1
   78 0000006C         ;BX LR ;Go back to original location
   79 0000006C 1AFFFFFD        BNE              COUNTER
   80 00000070 E12FFF1E        BX               LR
   81 00000074         
   82 00000074 EAFFFFFE 
                       stop    B                stop
   83 00000078                 END
              CFFF0000 
              E0028000 
              0000BFFF 
              002DC6C0 
Command Line: --debug --xref --diag_suppress=9931 --apcs=interwork --depend=.\o
bjects\lab6b.d -o.\objects\lab6b.o -IC:\Keil_v5\ARM\RV31\INC -IC:\Keil_v5\ARM\C
MSIS\Include -IC:\Keil_v5\ARM\INC\Philips --predefine="__EVAL SETA 1" --predefi



ARM Macro Assembler    Page 3 


ne="__UVISION_VERSION SETA 524" --list=.\listings\lab6b.lst lab6b.s



ARM Macro Assembler    Page 1 Alphabetic symbol ordering
Relocatable symbols

COUNTER 00000068

Symbol: COUNTER
   Definitions
      At line 76 in file lab6b.s
   Uses
      At line 79 in file lab6b.s
Comment: COUNTER used once
LAB 00000000

Symbol: LAB
   Definitions
      At line 18 in file lab6b.s
   Uses
      At line 15 in file lab6b.s
Comment: LAB used once
LEDoff 00000014

Symbol: LEDoff
   Definitions
      At line 31 in file lab6b.s
   Uses
      None
Comment: LEDoff unused
LEDon 00000054

Symbol: LEDon
   Definitions
      At line 64 in file lab6b.s
   Uses
      At line 45 in file lab6b.s
      At line 54 in file lab6b.s

STATE0 00000020

Symbol: STATE0
   Definitions
      At line 37 in file lab6b.s
   Uses
      At line 42 in file lab6b.s
Comment: STATE0 used once
STATE1 0000003C

Symbol: STATE1
   Definitions
      At line 48 in file lab6b.s
   Uses
      At line 53 in file lab6b.s
Comment: STATE1 used once
STATE2 00000054

Symbol: STATE2
   Definitions
      At line 57 in file lab6b.s
   Uses
      None
Comment: STATE2 unused
mycode 00000000




ARM Macro Assembler    Page 2 Alphabetic symbol ordering
Relocatable symbols

Symbol: mycode
   Definitions
      At line 16 in file lab6b.s
   Uses
      None
Comment: mycode unused
stop 00000074

Symbol: stop
   Definitions
      At line 82 in file lab6b.s
   Uses
      At line 82 in file lab6b.s
Comment: stop used once
wait 00000064

Symbol: wait
   Definitions
      At line 71 in file lab6b.s
   Uses
      At line 43 in file lab6b.s
Comment: wait used once
10 symbols



ARM Macro Assembler    Page 1 Alphabetic symbol ordering
Absolute symbols

DELAYVAL 002DC6C0

Symbol: DELAYVAL
   Definitions
      At line 8 in file lab6b.s
   Uses
      At line 73 in file lab6b.s
Comment: DELAYVAL used once
IO0CLR 0000000C

Symbol: IO0CLR
   Definitions
      At line 6 in file lab6b.s
   Uses
      At line 34 in file lab6b.s
Comment: IO0CLR used once
IO0DIR 00000008

Symbol: IO0DIR
   Definitions
      At line 4 in file lab6b.s
   Uses
      At line 26 in file lab6b.s
Comment: IO0DIR used once
IO0PIN 00000000

Symbol: IO0PIN
   Definitions
      At line 3 in file lab6b.s
   Uses
      At line 22 in file lab6b.s
      At line 38 in file lab6b.s
      At line 49 in file lab6b.s

IO0SET 00000004

Symbol: IO0SET
   Definitions
      At line 5 in file lab6b.s
   Uses
      At line 67 in file lab6b.s
Comment: IO0SET used once
IO0_BASE E0028000

Symbol: IO0_BASE
   Definitions
      At line 2 in file lab6b.s
   Uses
      At line 21 in file lab6b.s
      At line 33 in file lab6b.s
      At line 66 in file lab6b.s

MASK1 CFFF0000

Symbol: MASK1
   Definitions
      At line 10 in file lab6b.s
   Uses
      At line 20 in file lab6b.s



ARM Macro Assembler    Page 2 Alphabetic symbol ordering
Absolute symbols

Comment: MASK1 used once
MASK14 00004000

Symbol: MASK14
   Definitions
      At line 12 in file lab6b.s
   Uses
      At line 39 in file lab6b.s
Comment: MASK14 used once
MASK2 0000BFFF

Symbol: MASK2
   Definitions
      At line 11 in file lab6b.s
   Uses
      At line 25 in file lab6b.s
      At line 50 in file lab6b.s

TASK 0000BF00

Symbol: TASK
   Definitions
      At line 13 in file lab6b.s
   Uses
      At line 65 in file lab6b.s
Comment: TASK used once
TASK2 00000F00

Symbol: TASK2
   Definitions
      At line 14 in file lab6b.s
   Uses
      At line 32 in file lab6b.s
Comment: TASK2 used once
11 symbols
355 symbols in table
