


ARM Macro Assembler    Page 1 


    1 00000000         ;-------------------------------------------------------
                       ---
    2 00000000 E0028000 
                       IO0_BASE
                               EQU              0xE0028000  ;base register addr
                                                            ess 
    3 00000000 00000000 
                       IO0PIN  EQU              0           ;value register
    4 00000000 00000008 
                       IO0DIR  EQU              0x8         ;pin direction regi
                                                            ster
    5 00000000 00000004 
                       IO0SET  EQU              0x4         ;set pins
    6 00000000 0000000C 
                       IO0CLR  EQU              0xC         ;clear pins
    7 00000000         ;-------------------------------------------------------
                       ---
    8 00000000 0000000A 
                       DELAYVAL
                               EQU              10          ;delay value (4 clk
                                                             cyc / 12e6 Hz)
    9 00000000         ;3000000 in hex
   10 00000000 CFFF0000 
                       MASK1   EQU              0xCFFF0000  ;mask for GPIO
   11 00000000 0000BFFF 
                       MASK2   EQU              0x0000BFFF  ;mask for pin 14
   12 00000000 00004000 
                       MASK14  EQU              0x4000      ;check 14
   13 00000000 0000BF00 
                       TASK    EQU              0xBF00      ;deal with pins 8 -
                                                             11
   14 00000000 00000F00 
                       TASK2   EQU              0x0F00      ;for open 
   15 00000000                 GLOBAL           LAB
   16 00000000                 AREA             mycode,CODE,READONLY
   17 00000000         
   18 00000000         LAB
   19 00000000         ;Set pin 14 to push, everything else to GPIO
   20 00000000 E59F006C        LDR              r0, =MASK1  ;load mask for dese
                                                            lect
   21 00000004 E59F106C        LDR              r1, =IO0_BASE ;base register
   22 00000008 E5810000        STR              r0, [r1, #IO0PIN] 
                                                            ;offset to I00PIN 
   23 0000000C         
   24 0000000C         ;SET PIN 14 TO OUTPUT
   25 0000000C E59F0068        LDR              r0, =MASK2  ;check bits
   26 00000010 E5810008        STR              r0, [r1,#IO0DIR] ;pins to outpu
                                                            t and push to input
                                                            
   27 00000014         
   28 00000014         ;Initially Pins 8,9,10,11 off
   29 00000014         
   30 00000014         LEDoff                               ;Turn off LEDs
   31 00000014 E3A05C0F        LDR              r5, =TASK2
   32 00000018 E59F6058        LDR              r6, =IO0_BASE
   33 0000001C E586500C        STR              r5, [r6,#IO0CLR]
   34 00000020         
   35 00000020         ;check if pressed, loop if not true 
   36 00000020         Check



ARM Macro Assembler    Page 2 


   37 00000020         
   38 00000020         ;grab contents of pins
   39 00000020 E5917000        LDR              r7, [r1,#IO0PIN]
   40 00000024 E3A08901        MOV              r8, #MASK14
   41 00000028 E0079008        AND              r9,r7,r8
   42 0000002C E1190008        TST              r9,r8
   43 00000030 0AFFFFFA        BEQ              Check       ;If same means butt
                                                            on is not pressed
   44 00000034         
   45 00000034         ;delay
   46 00000034 EB000009        BL               wait
   47 00000038         
   48 00000038         ;Makes sure it is still pressed 
   49 00000038 E5917000        LDR              r7, [r1,#IO0PIN]
   50 0000003C E3A08901        MOV              r8, #MASK14
   51 00000040 E0079008        AND              r9,r7,r8
   52 00000044 E1190008        TST              r9, r8
   53 00000048 0AFFFFF1        BEQ              LEDoff      ;If same means butt
                                                            on is not pressed
   54 0000004C EAFFFFFF        B                LEDon       ;If Pin 14 pressed,
                                                             branch LEDon
   55 00000050         
   56 00000050         
   57 00000050         ;If Pin 14 pressed, turn on 
   58 00000050         LEDon                                ;Turn on LEDs
   59 00000050 E3A05CBF        LDR              r5, =TASK
   60 00000054 E59F601C        LDR              r6, =IO0_BASE
   61 00000058 E5865004        STR              r5, [r6,#IO0SET]
   62 0000005C EBFFFFEF        BL               Check       ;Check to see if st
                                                            ill pressed 
   63 00000060         
   64 00000060         ;delay to confirm press
   65 00000060         wait                                 ;Wait for 3 seconds
                                                            
   66 00000060         
   67 00000060 E3A0900A        LDR              r9, =DELAYVAL ;set counter
   68 00000064         
   69 00000064         
   70 00000064         COUNTER
   71 00000064 E2599001        SUBS             r9, r9, #1
   72 00000068         ;BX LR ;Go back to original location
   73 00000068 1AFFFFFD        BNE              COUNTER
   74 0000006C E12FFF1E        BX               LR
   75 00000070         
   76 00000070 EAFFFFFE 
                       stop    B                stop
   77 00000074                 END
              CFFF0000 
              E0028000 
              0000BFFF 
Command Line: --debug --xref --diag_suppress=9931 --apcs=interwork --depend=.\o
bjects\lab6.d -o.\objects\lab6.o -IC:\Keil_v5\ARM\RV31\INC -IC:\Keil_v5\ARM\CMS
IS\Include -IC:\Keil_v5\ARM\INC\Philips --predefine="__EVAL SETA 1" --predefine
="__UVISION_VERSION SETA 524" --list=.\listings\lab6.lst lab6.s



ARM Macro Assembler    Page 1 Alphabetic symbol ordering
Relocatable symbols

COUNTER 00000064

Symbol: COUNTER
   Definitions
      At line 70 in file lab6.s
   Uses
      At line 73 in file lab6.s
Comment: COUNTER used once
Check 00000020

Symbol: Check
   Definitions
      At line 36 in file lab6.s
   Uses
      At line 43 in file lab6.s
      At line 62 in file lab6.s

LAB 00000000

Symbol: LAB
   Definitions
      At line 18 in file lab6.s
   Uses
      At line 15 in file lab6.s
Comment: LAB used once
LEDoff 00000014

Symbol: LEDoff
   Definitions
      At line 30 in file lab6.s
   Uses
      At line 53 in file lab6.s
Comment: LEDoff used once
LEDon 00000050

Symbol: LEDon
   Definitions
      At line 58 in file lab6.s
   Uses
      At line 54 in file lab6.s
Comment: LEDon used once
mycode 00000000

Symbol: mycode
   Definitions
      At line 16 in file lab6.s
   Uses
      None
Comment: mycode unused
stop 00000070

Symbol: stop
   Definitions
      At line 76 in file lab6.s
   Uses
      At line 76 in file lab6.s
Comment: stop used once
wait 00000060




ARM Macro Assembler    Page 2 Alphabetic symbol ordering
Relocatable symbols

Symbol: wait
   Definitions
      At line 65 in file lab6.s
   Uses
      At line 46 in file lab6.s
Comment: wait used once
8 symbols



ARM Macro Assembler    Page 1 Alphabetic symbol ordering
Absolute symbols

DELAYVAL 0000000A

Symbol: DELAYVAL
   Definitions
      At line 8 in file lab6.s
   Uses
      At line 67 in file lab6.s
Comment: DELAYVAL used once
IO0CLR 0000000C

Symbol: IO0CLR
   Definitions
      At line 6 in file lab6.s
   Uses
      At line 33 in file lab6.s
Comment: IO0CLR used once
IO0DIR 00000008

Symbol: IO0DIR
   Definitions
      At line 4 in file lab6.s
   Uses
      At line 26 in file lab6.s
Comment: IO0DIR used once
IO0PIN 00000000

Symbol: IO0PIN
   Definitions
      At line 3 in file lab6.s
   Uses
      At line 22 in file lab6.s
      At line 39 in file lab6.s
      At line 49 in file lab6.s

IO0SET 00000004

Symbol: IO0SET
   Definitions
      At line 5 in file lab6.s
   Uses
      At line 61 in file lab6.s
Comment: IO0SET used once
IO0_BASE E0028000

Symbol: IO0_BASE
   Definitions
      At line 2 in file lab6.s
   Uses
      At line 21 in file lab6.s
      At line 32 in file lab6.s
      At line 60 in file lab6.s

MASK1 CFFF0000

Symbol: MASK1
   Definitions
      At line 10 in file lab6.s
   Uses
      At line 20 in file lab6.s



ARM Macro Assembler    Page 2 Alphabetic symbol ordering
Absolute symbols

Comment: MASK1 used once
MASK14 00004000

Symbol: MASK14
   Definitions
      At line 12 in file lab6.s
   Uses
      At line 40 in file lab6.s
      At line 50 in file lab6.s

MASK2 0000BFFF

Symbol: MASK2
   Definitions
      At line 11 in file lab6.s
   Uses
      At line 25 in file lab6.s
Comment: MASK2 used once
TASK 0000BF00

Symbol: TASK
   Definitions
      At line 13 in file lab6.s
   Uses
      At line 59 in file lab6.s
Comment: TASK used once
TASK2 00000F00

Symbol: TASK2
   Definitions
      At line 14 in file lab6.s
   Uses
      At line 31 in file lab6.s
Comment: TASK2 used once
11 symbols
353 symbols in table
