


ARM Macro Assembler    Page 1 


    1 00000000                 IMPORT           LAB
    2 00000000         
    3 00000000 E01FC000 
                       MAMCR   EQU              0xE01FC000
    4 00000000 E01FC004 
                       MAMTIM  EQU              0xE01FC004
    5 00000000         
    6 00000000                 AREA             RESET,CODE,READONLY
    7 00000000                 ENTRY
    8 00000000         
    9 00000000         VECTORS
   10 00000000 E59FF018        LDR              PC,Reset_Addr
   11 00000004 E59FF018        LDR              PC,Undef_Addr
   12 00000008 E59FF018        LDR              PC,SWI_Addr
   13 0000000C E59FF018        LDR              PC,PAbt_Addr
   14 00000010 E59FF018        LDR              PC,DAbt_Addr
   15 00000014 E1A00000        NOP
   16 00000018 E59FF018        LDR              PC,IRQ_Addr
   17 0000001C E59FF018        LDR              PC,FIQ_Addr
   18 00000020         
   19 00000020 00000000 
                       Reset_Addr
                               DCD              Reset_Handler
   20 00000024 00000000 
                       Undef_Addr
                               DCD              UndefHandler
   21 00000028 00000000 
                       SWI_Addr
                               DCD              SWIHandler
   22 0000002C 00000000 
                       PAbt_Addr
                               DCD              PAbtHandler
   23 00000030 00000000 
                       DAbt_Addr
                               DCD              DAbtHandler
   24 00000034 00000000        DCD              0
   25 00000038         
   26 00000038 00000000 
                       IRQ_Addr
                               DCD              IRQHandler
   27 0000003C 00000000 
                       FIQ_Addr
                               DCD              FIQHandler
   28 00000040 EAFFFFFE 
                       SWIHandler
                               B                SWIHandler
   29 00000044 EAFFFFFE 
                       PAbtHandler
                               B                PAbtHandler
   30 00000048 EAFFFFFE 
                       DAbtHandler
                               B                DAbtHandler
   31 0000004C EAFFFFFE 
                       IRQHandler
                               B                IRQHandler
   32 00000050 EAFFFFFE 
                       FIQHandler
                               B                FIQHandler
   33 00000054 EAFFFFFE 



ARM Macro Assembler    Page 2 


                       UndefHandler
                               B                UndefHandler
   34 00000058         
   35 00000058         ;This will initialize memory acceletor 
   36 00000058         ;to run at one clock cycle instead of seven
   37 00000058         Reset_Handler
   38 00000058         
   39 00000058 E59F101C        LDR              r1,=MAMCR
   40 0000005C E3A00000        MOV              R0, #0x0
   41 00000060 E5810000        STR              R0, [R1]
   42 00000064 E59F2014        LDR              R2,=MAMTIM
   43 00000068 E3A00001        MOV              R0,#0x1
   44 0000006C E5820000        STR              R0,[R2]
   45 00000070 E3A00002        MOV              R0,#0x2
   46 00000074 E5810000        STR              R0,[R1]
   47 00000078 EAFFFFFE        B                LAB
   48 0000007C                 END
              E01FC000 
              E01FC004 
Command Line: --debug --xref --diag_suppress=9931 --apcs=interwork --depend=.\o
bjects\mystartup.d -o.\objects\mystartup.o -IC:\Keil_v5\ARM\RV31\INC -IC:\Keil_
v5\ARM\CMSIS\Include -IC:\Keil_v5\ARM\INC\Philips --predefine="__EVAL SETA 1" -
-predefine="__UVISION_VERSION SETA 524" --list=.\listings\mystartup.lst ..\myst
artup.s



ARM Macro Assembler    Page 1 Alphabetic symbol ordering
Relocatable symbols

DAbtHandler 00000048

Symbol: DAbtHandler
   Definitions
      At line 30 in file ..\mystartup.s
   Uses
      At line 23 in file ..\mystartup.s
      At line 30 in file ..\mystartup.s

DAbt_Addr 00000030

Symbol: DAbt_Addr
   Definitions
      At line 23 in file ..\mystartup.s
   Uses
      At line 14 in file ..\mystartup.s
Comment: DAbt_Addr used once
FIQHandler 00000050

Symbol: FIQHandler
   Definitions
      At line 32 in file ..\mystartup.s
   Uses
      At line 27 in file ..\mystartup.s
      At line 32 in file ..\mystartup.s

FIQ_Addr 0000003C

Symbol: FIQ_Addr
   Definitions
      At line 27 in file ..\mystartup.s
   Uses
      At line 17 in file ..\mystartup.s
Comment: FIQ_Addr used once
IRQHandler 0000004C

Symbol: IRQHandler
   Definitions
      At line 31 in file ..\mystartup.s
   Uses
      At line 26 in file ..\mystartup.s
      At line 31 in file ..\mystartup.s

IRQ_Addr 00000038

Symbol: IRQ_Addr
   Definitions
      At line 26 in file ..\mystartup.s
   Uses
      At line 16 in file ..\mystartup.s
Comment: IRQ_Addr used once
PAbtHandler 00000044

Symbol: PAbtHandler
   Definitions
      At line 29 in file ..\mystartup.s
   Uses
      At line 22 in file ..\mystartup.s
      At line 29 in file ..\mystartup.s



ARM Macro Assembler    Page 2 Alphabetic symbol ordering
Relocatable symbols


PAbt_Addr 0000002C

Symbol: PAbt_Addr
   Definitions
      At line 22 in file ..\mystartup.s
   Uses
      At line 13 in file ..\mystartup.s
Comment: PAbt_Addr used once
RESET 00000000

Symbol: RESET
   Definitions
      At line 6 in file ..\mystartup.s
   Uses
      None
Comment: RESET unused
Reset_Addr 00000020

Symbol: Reset_Addr
   Definitions
      At line 19 in file ..\mystartup.s
   Uses
      At line 10 in file ..\mystartup.s
Comment: Reset_Addr used once
Reset_Handler 00000058

Symbol: Reset_Handler
   Definitions
      At line 37 in file ..\mystartup.s
   Uses
      At line 19 in file ..\mystartup.s
Comment: Reset_Handler used once
SWIHandler 00000040

Symbol: SWIHandler
   Definitions
      At line 28 in file ..\mystartup.s
   Uses
      At line 21 in file ..\mystartup.s
      At line 28 in file ..\mystartup.s

SWI_Addr 00000028

Symbol: SWI_Addr
   Definitions
      At line 21 in file ..\mystartup.s
   Uses
      At line 12 in file ..\mystartup.s
Comment: SWI_Addr used once
UndefHandler 00000054

Symbol: UndefHandler
   Definitions
      At line 33 in file ..\mystartup.s
   Uses
      At line 20 in file ..\mystartup.s
      At line 33 in file ..\mystartup.s




ARM Macro Assembler    Page 3 Alphabetic symbol ordering
Relocatable symbols

Undef_Addr 00000024

Symbol: Undef_Addr
   Definitions
      At line 20 in file ..\mystartup.s
   Uses
      At line 11 in file ..\mystartup.s
Comment: Undef_Addr used once
VECTORS 00000000

Symbol: VECTORS
   Definitions
      At line 9 in file ..\mystartup.s
   Uses
      None
Comment: VECTORS unused
16 symbols



ARM Macro Assembler    Page 1 Alphabetic symbol ordering
Absolute symbols

MAMCR E01FC000

Symbol: MAMCR
   Definitions
      At line 3 in file ..\mystartup.s
   Uses
      At line 39 in file ..\mystartup.s
Comment: MAMCR used once
MAMTIM E01FC004

Symbol: MAMTIM
   Definitions
      At line 4 in file ..\mystartup.s
   Uses
      At line 42 in file ..\mystartup.s
Comment: MAMTIM used once
2 symbols



ARM Macro Assembler    Page 1 Alphabetic symbol ordering
External symbols

LAB 00000000

Symbol: LAB
   Definitions
      At line 1 in file ..\mystartup.s
   Uses
      At line 47 in file ..\mystartup.s
Comment: LAB used once
1 symbol
353 symbols in table
